<?xml version="1.0" encoding="UTF-8"?>
<!-- Generated by org.testng.reporters.JUnitReportReporter -->
<testsuite hostname="FOCUS-QA-4" name="com.focus.testcases.DebitNotesTest" tests="6" failures="0" timestamp="23 Jul 2021 15:20:09 GMT" time="107.187" errors="0">
  <testcase name="checkCustomizationOptionInDebitNotes" time="39.301" classname="com.focus.testcases.DebitNotesTest"/>
  <testcase name="checkSavingDebitNotesVoucher2" time="21.776" classname="com.focus.testcases.DebitNotesTest"/>
  <testcase name="checkEditingDebitNotesVoucher1" time="12.765" classname="com.focus.testcases.DebitNotesTest"/>
  <testcase name="checkSavingDebitNotesVoucher1" time="24.916" classname="com.focus.testcases.DebitNotesTest"/>
  <testcase name="checkDeletingDebitNotesVoucher2" time="5.281" classname="com.focus.testcases.DebitNotesTest"/>
  <testcase name="checkVerifingDetailsOfSavedDebitNotesVoucherInHomepage" time="3.148" classname="com.focus.testcases.DebitNotesTest"/>
</testsuite> <!-- com.focus.testcases.DebitNotesTest -->
