<?xml version="1.0" encoding="UTF-8"?>
<!-- Generated by org.testng.reporters.JUnitReportReporter -->
<testsuite hostname="FOCUS-QA-4" name="com.focus.testcases.SalesInvoiceVATVoucherTest" tests="18" failures="0" timestamp="23 Jul 2021 15:20:09 GMT" time="463.465" errors="0">
  <testcase name="checkSuspendOptionInSalesInvoiceHomePage" time="4.109" classname="com.focus.testcases.SalesInvoiceVATVoucherTest"/>
  <testcase name="checkSavingSalesInvoiceWithhAllItemsOfTransferedStockInSingleVoucher" time="73.154" classname="com.focus.testcases.SalesInvoiceVATVoucherTest"/>
  <testcase name="checkSalesInvoiceVoucherToCheckRMAItemLinkPopUpScreenWithCRTlPlusL" time="45.846" classname="com.focus.testcases.SalesInvoiceVATVoucherTest"/>
  <testcase name="checkSalesInvoiceVoucherToCheckStockItemLinkPopUpScreenWithCRTlPlusL" time="23.999" classname="com.focus.testcases.SalesInvoiceVATVoucherTest"/>
  <testcase name="checkSavingSalesReturnsVoucherWithConvertOptions" time="23.025" classname="com.focus.testcases.SalesInvoiceVATVoucherTest"/>
  <testcase name="checkSuspendOptionInSalesInvoiceEntryPage" time="2.606" classname="com.focus.testcases.SalesInvoiceVATVoucherTest"/>
  <testcase name="checkVerifingDetailsOfSavedSalesReturnsVoucherInHomepage" time="4.617" classname="com.focus.testcases.SalesInvoiceVATVoucherTest"/>
  <testcase name="checkVerifingDetailsOfSavedSalesInvoiceVATVoucherInHomepage" time="24.125" classname="com.focus.testcases.SalesInvoiceVATVoucherTest"/>
  <testcase name="checkSalesInvoiceVoucherLinewiseConsumingForBatchItem" time="27.148" classname="com.focus.testcases.SalesInvoiceVATVoucherTest"/>
  <testcase name="checkSalesInvoiceVoucherLinewiseConsumingForStockItem" time="26.413" classname="com.focus.testcases.SalesInvoiceVATVoucherTest"/>
  <testcase name="checkDeleteOptionInSalesInvoiceHomePage" time="3.928" classname="com.focus.testcases.SalesInvoiceVATVoucherTest"/>
  <testcase name="checkSalesInvoiceVoucherLinewiseConsumingForBinItem" time="46.284" classname="com.focus.testcases.SalesInvoiceVATVoucherTest"/>
  <testcase name="checkSalesInvoiceVoucherToCheckLinkPopUpScreenWithCRTlPlusL" time="31.468" classname="com.focus.testcases.SalesInvoiceVATVoucherTest"/>
  <testcase name="checkSalesInvoiceVoucherToCheckBinItemLinkPopUpScreenWithCRTlPlusL" time="38.571" classname="com.focus.testcases.SalesInvoiceVATVoucherTest"/>
  <testcase name="checkSalesInvoiceVoucherSearchInLinkPopupScreenAndSaveWithBatchItem" time="24.362" classname="com.focus.testcases.SalesInvoiceVATVoucherTest"/>
  <testcase name="checkSalesInvoiceVoucherSavingSuspenigAndDeletingThroughConvertOption" time="21.250" classname="com.focus.testcases.SalesInvoiceVATVoucherTest"/>
  <testcase name="checkSalesInvoiceVoucherLinewiseConsumingForRmaItem" time="38.175" classname="com.focus.testcases.SalesInvoiceVATVoucherTest"/>
  <testcase name="checkDeleteOptionInSalesInvoiceEntryPage" time="4.385" classname="com.focus.testcases.SalesInvoiceVATVoucherTest"/>
</testsuite> <!-- com.focus.testcases.SalesInvoiceVATVoucherTest -->
