<?xml version="1.0" encoding="UTF-8"?>
<!-- Generated by org.testng.reporters.JUnitReportReporter -->
<testsuite hostname="FOCUS-QA-4" name="com.focus.testcases.MaterialRequisitionTest" tests="6" failures="0" timestamp="23 Jul 2021 15:20:09 GMT" time="84.070" errors="0">
  <testcase name="checkVerifyingMaterialRequisitionVoucher1" time="2.740" classname="com.focus.testcases.MaterialRequisitionTest"/>
  <testcase name="checkVerifyingAndUpdatingMaterialRequisitionVoucher1" time="11.835" classname="com.focus.testcases.MaterialRequisitionTest"/>
  <testcase name="checkVerifyingAndDeletingMaterialRequisitionVoucher1" time="5.231" classname="com.focus.testcases.MaterialRequisitionTest"/>
  <testcase name="checkSavingMaterialRequisitionVoucher1" time="45.566" classname="com.focus.testcases.MaterialRequisitionTest"/>
  <testcase name="checkVerifingDetailsOfSavedMaterialRequisitionVouchersInHomepage" time="2.554" classname="com.focus.testcases.MaterialRequisitionTest"/>
  <testcase name="checkReSavingMaterialRequisitionVoucher1" time="16.144" classname="com.focus.testcases.MaterialRequisitionTest"/>
</testsuite> <!-- com.focus.testcases.MaterialRequisitionTest -->
