<?xml version="1.0" encoding="UTF-8"?>
<!-- Generated by org.testng.reporters.JUnitReportReporter -->
<testsuite hostname="FOCUS-QA-4" name="com.focus.testcases.ItemsTest" tests="5" failures="0" timestamp="23 Jul 2021 12:36:07 GMT" time="29.522" errors="0">
  <testcase name="checkUpdatedItemMasterDisplayInItemGridBeforeCustomization" time="0.798" classname="com.focus.testcases.ItemsTest"/>
  <testcase name="checkItemMasterInMasterMenu" time="11.804" classname="com.focus.testcases.ItemsTest"/>
  <testcase name="checkDeleteItemInItemMaster" time="7.408" classname="com.focus.testcases.ItemsTest"/>
  <testcase name="checkEditingInSavedItemINItemMaster" time="3.868" classname="com.focus.testcases.ItemsTest"/>
  <testcase name="checkSavingItemInItemMaster" time="5.644" classname="com.focus.testcases.ItemsTest"/>
</testsuite> <!-- com.focus.testcases.ItemsTest -->
