<?xml version="1.0" encoding="UTF-8"?>
<!-- Generated by org.testng.reporters.JUnitReportReporter -->
<testsuite hostname="FOCUS-QA-133" failures="0" tests="3" name="com.focus.testcases.AddAccountInAccountMasterTest" time="30.653" errors="0" timestamp="3 Aug 2021 04:35:45 GMT">
  <testcase classname="com.focus.testcases.AddAccountInAccountMasterTest" name="checkAddAccount" time="8.131"/>
  <testcase classname="com.focus.testcases.AddAccountInAccountMasterTest" name="checkeditAccount" time="4.397"/>
  <testcase classname="com.focus.testcases.AddAccountInAccountMasterTest" name="checkdeleteAccount" time="18.125"/>
</testsuite> <!-- com.focus.testcases.AddAccountInAccountMasterTest -->
