<?xml version="1.0" encoding="UTF-8"?>
<!-- Generated by org.testng.reporters.JUnitReportReporter -->
<testsuite hostname="FOCUS-QA-4" name="com.focus.testcases.BuyerPriceBookTest" tests="6" failures="0" timestamp="23 Jul 2021 12:36:07 GMT" time="121.720" errors="0">
  <testcase name="checkImportingBuyerPriceBook" time="61.564" classname="com.focus.testcases.BuyerPriceBookTest"/>
  <testcase name="checkDeletingBuyerPriceBook" time="8.972" classname="com.focus.testcases.BuyerPriceBookTest"/>
  <testcase name="checkUpdatingBuyerPriceBook" time="7.649" classname="com.focus.testcases.BuyerPriceBookTest"/>
  <testcase name="checkExportingBuyerPriceBook" time="13.644" classname="com.focus.testcases.BuyerPriceBookTest"/>
  <testcase name="checkCopyPasteAndSavingBuyerPriceBook" time="12.759" classname="com.focus.testcases.BuyerPriceBookTest"/>
  <testcase name="checkSavingBuyerPriceBook" time="17.132" classname="com.focus.testcases.BuyerPriceBookTest"/>
</testsuite> <!-- com.focus.testcases.BuyerPriceBookTest -->
