<?xml version="1.0" encoding="UTF-8"?>
<!-- Generated by org.testng.reporters.JUnitReportReporter -->
<testsuite hostname="FOCUS-QA-4" name="com.focus.testcases.PDCTest" tests="34" failures="0" timestamp="23 Jul 2021 15:20:09 GMT" time="430.230" errors="0">
  <testcase name="checkSavingVoucherToPostDatedReceipts" time="32.021" classname="com.focus.testcases.PDCTest"/>
  <testcase name="checkAddExtraFieldPDCInHeaderFieldOFReceipts" time="19.391" classname="com.focus.testcases.PDCTest"/>
  <testcase name="checkDeleteOptionInPDRVAT" time="2.145" classname="com.focus.testcases.PDCTest"/>
  <testcase name="checkCovertingPDPVoucherInPDCWithReversePosting" time="20.436" classname="com.focus.testcases.PDCTest"/>
  <testcase name="checkSavedVoucherInPDPVAT" time="3.369" classname="com.focus.testcases.PDCTest"/>
  <testcase name="CheckSavedVoucherInPDPVATInCovertedPDCScreen" time="13.858" classname="com.focus.testcases.PDCTest"/>
  <testcase name="checkEditingVoucherAndSavingInPDPVAT" time="3.312" classname="com.focus.testcases.PDCTest"/>
  <testcase name="checkCovertingVoucherInPDCWithReversePosting" time="16.910" classname="com.focus.testcases.PDCTest"/>
  <testcase name="checkSavingVoucherInPostDatedReceiptsWithCustomerC" time="4.941" classname="com.focus.testcases.PDCTest"/>
  <testcase name="checkAddExtraFieldPDCInHeaderFieldOFPayments" time="24.698" classname="com.focus.testcases.PDCTest"/>
  <testcase name="checkUpdateinPDCUnderSettingMenuForEnableReversePostingInPayments" time="4.294" classname="com.focus.testcases.PDCTest"/>
  <testcase name="checkDeleteOfConvertedVoucherinRecepits" time="1.534" classname="com.focus.testcases.PDCTest"/>
  <testcase name="checkCovertingVoucherInPDC" time="17.805" classname="com.focus.testcases.PDCTest"/>
  <testcase name="checkConvertMaturedPDCScreenForPDPVAT" time="15.612" classname="com.focus.testcases.PDCTest"/>
  <testcase name="checkConvertingVouchersPDPInPDCVoucherScreenWithOutPostOnDate" time="0.743" classname="com.focus.testcases.PDCTest"/>
  <testcase name="checkClickOnConvertedPDCVouchersAfterDeletionOfConvertedVoucherInRecepits" time="14.516" classname="com.focus.testcases.PDCTest"/>
  <testcase name="checkSavedCovertedVoucherInReceiptsAfterReversePosting" time="8.409" classname="com.focus.testcases.PDCTest"/>
  <testcase name="checkUpdateinPDCUnderSettingMenuForEnableReversePostingInRecepits" time="5.730" classname="com.focus.testcases.PDCTest"/>
  <testcase name="checkEditingVoucherAndSavingInPDRVAT" time="3.444" classname="com.focus.testcases.PDCTest"/>
  <testcase name="CheckSavingVoucherInPDPVAT" time="28.360" classname="com.focus.testcases.PDCTest"/>
  <testcase name="checkConvertedPDCVoucherInReceipts" time="8.819" classname="com.focus.testcases.PDCTest"/>
  <testcase name="checkSavedVoucherInPDRVAT" time="3.498" classname="com.focus.testcases.PDCTest"/>
  <testcase name="checkCreationOfNewCashAndBankAccountType" time="33.089" classname="com.focus.testcases.PDCTest"/>
  <testcase name="checkConvertingPDPVoucherInPDCScreenAfterExtraField" time="17.945" classname="com.focus.testcases.PDCTest"/>
  <testcase name="checkDeleteOptionInPDPVAT" time="1.983" classname="com.focus.testcases.PDCTest"/>
  <testcase name="checkSavedVouchersInPDCVoucherScreenWithOutPostOnDate" time="15.731" classname="com.focus.testcases.PDCTest"/>
  <testcase name="checkSavingNewVoucherInPDPVATOnFutureDateWithCurrencyAEDAndDepartmentINDIA" time="18.380" classname="com.focus.testcases.PDCTest"/>
  <testcase name="checkUpdateinPDCUnderSettingMenuForDisableEnableReversePostingInRecepits" time="5.775" classname="com.focus.testcases.PDCTest"/>
  <testcase name="checkPDCOptionsUnderSettings" time="5.351" classname="com.focus.testcases.PDCTest"/>
  <testcase name="checkConvertedPDCVoucherInPayments" time="13.632" classname="com.focus.testcases.PDCTest"/>
  <testcase name="checkSavingVoucherInPDPVATWithVendorB" time="30.723" classname="com.focus.testcases.PDCTest"/>
  <testcase name="checkConvertedMaturePDCScreenWithNoPDCExists" time="18.761" classname="com.focus.testcases.PDCTest"/>
  <testcase name="checkSavedCovertedVoucherInPaymentsAfterReversePosting" time="14.179" classname="com.focus.testcases.PDCTest"/>
  <testcase name="checkConvertingVouchersInPDCVoucherScreenWithOutPostOnDate" time="0.836" classname="com.focus.testcases.PDCTest"/>
</testsuite> <!-- com.focus.testcases.PDCTest -->
