<?xml version="1.0" encoding="UTF-8"?>
<!-- Generated by org.testng.reporters.JUnitReportReporter -->
<testsuite hostname="FOCUS-QA-4" name="com.focus.testcases.PaymentsVATVoucherTest" tests="5" failures="0" timestamp="23 Jul 2021 15:20:09 GMT" time="80.461" errors="0">
  <testcase name="checkSavingPaymentVATVoucher2" time="18.158" classname="com.focus.testcases.PaymentsVATVoucherTest"/>
  <testcase name="checkEditingPaymentVATVoucher1AndAdding2ndRow" time="15.404" classname="com.focus.testcases.PaymentsVATVoucherTest"/>
  <testcase name="checkVerifingDetailsOfSavedPaymentVATVoucherInHomepage" time="2.016" classname="com.focus.testcases.PaymentsVATVoucherTest"/>
  <testcase name="checkSavingPaymentVATVoucher1" time="40.148" classname="com.focus.testcases.PaymentsVATVoucherTest"/>
  <testcase name="checkVerifyingSavedPaymentVATVoucher2AndDeleting" time="4.735" classname="com.focus.testcases.PaymentsVATVoucherTest"/>
</testsuite> <!-- com.focus.testcases.PaymentsVATVoucherTest -->
