<?xml version="1.0" encoding="UTF-8"?>
<!-- Generated by org.testng.reporters.JUnitReportReporter -->
<testsuite hostname="FOCUS-QA-4" name="com.focus.testcases.CreditNotesTest" tests="6" failures="0" timestamp="23 Jul 2021 15:20:09 GMT" time="107.190" errors="0">
  <testcase name="checkSavingCreditNotesVoucher1" time="23.846" classname="com.focus.testcases.CreditNotesTest"/>
  <testcase name="checkDeletingCreditNotesVoucher2" time="6.328" classname="com.focus.testcases.CreditNotesTest"/>
  <testcase name="checkCustomizationOptionInCreditNotes" time="37.653" classname="com.focus.testcases.CreditNotesTest"/>
  <testcase name="checkEditingCreditNotesVoucher1" time="14.567" classname="com.focus.testcases.CreditNotesTest"/>
  <testcase name="checkSavingCreditNotesVoucher2" time="21.544" classname="com.focus.testcases.CreditNotesTest"/>
  <testcase name="checkVerifingDetailsOfSavedCreditNotesVoucherInHomepage" time="3.252" classname="com.focus.testcases.CreditNotesTest"/>
</testsuite> <!-- com.focus.testcases.CreditNotesTest -->
