<?xml version="1.0" encoding="UTF-8"?>
<!-- Generated by org.testng.reporters.JUnitReportReporter -->
<testsuite hostname="Focus-QA-4" name="com.focus.testcases.SanityPDCTest" tests="35" failures="0" timestamp="4 Nov 2020 14:52:52 GMT" time="598.394" errors="0">
  <testcase name="checkSavingVoucherInPostDatedReceiptsWithCustomerC" time="18.692" classname="com.focus.testcases.SanityPDCTest"/>
  <testcase name="checkAddExtraFieldPDCInHeaderFieldOFReceipts" time="19.734" classname="com.focus.testcases.SanityPDCTest"/>
  <testcase name="checkLoginToFinancialVouchers" time="13.122" classname="com.focus.testcases.SanityPDCTest"/>
  <testcase name="checkSavingNewVoucherInPDPVATOnFutureDateWithCurrencyAEDAndDepartmentINDIA" time="26.138" classname="com.focus.testcases.SanityPDCTest"/>
  <testcase name="checkConvertMaturedPDCScreenForPDPVAT" time="10.421" classname="com.focus.testcases.SanityPDCTest"/>
  <testcase name="checkConvertingPDPVoucherInPDCScreenAfterExtraField" time="17.165" classname="com.focus.testcases.SanityPDCTest"/>
  <testcase name="checkSavedVoucherInPDRVAT" time="5.414" classname="com.focus.testcases.SanityPDCTest"/>
  <testcase name="checkCovertingPDPVoucherInPDCWithReversePosting" time="21.894" classname="com.focus.testcases.SanityPDCTest"/>
  <testcase name="checkSavedVouchersInPDCVoucherScreenWithOutPostOnDate" time="14.031" classname="com.focus.testcases.SanityPDCTest"/>
  <testcase name="checkDeleteOptionInPDPVAT" time="5.617" classname="com.focus.testcases.SanityPDCTest"/>
  <testcase name="checkEditingVoucherAndSavingInPDRVAT" time="12.165" classname="com.focus.testcases.SanityPDCTest"/>
  <testcase name="checkDeleteOptionInPDRVAT" time="5.754" classname="com.focus.testcases.SanityPDCTest"/>
  <testcase name="checkConvertedPDCVoucherInPayments" time="86.767" classname="com.focus.testcases.SanityPDCTest"/>
  <testcase name="checkCovertingVoucherInPDC" time="15.769" classname="com.focus.testcases.SanityPDCTest"/>
  <testcase name="checkCreationOfNewCashAndBankAccountType" time="43.560" classname="com.focus.testcases.SanityPDCTest"/>
  <testcase name="checkAddExtraFieldPDCInHeaderFieldOFPayments" time="20.485" classname="com.focus.testcases.SanityPDCTest"/>
  <testcase name="checkSavedCovertedVoucherInPaymentsAfterReversePosting" time="13.629" classname="com.focus.testcases.SanityPDCTest"/>
  <testcase name="checkPDCOptionsUnderSettings" time="3.341" classname="com.focus.testcases.SanityPDCTest"/>
  <testcase name="checkDeleteOfConvertedVoucherinRecepits" time="5.819" classname="com.focus.testcases.SanityPDCTest"/>
  <testcase name="checkSavedCovertedVoucherInReceiptsAfterReversePosting" time="9.654" classname="com.focus.testcases.SanityPDCTest"/>
  <testcase name="checkConvertedMaturePDCScreenWithNoPDCExists" time="14.128" classname="com.focus.testcases.SanityPDCTest"/>
  <testcase name="checkUpdateinPDCUnderSettingMenuForEnableReversePostingInPayments" time="12.548" classname="com.focus.testcases.SanityPDCTest"/>
  <testcase name="checkSavingVoucherToPostDatedReceipts" time="22.027" classname="com.focus.testcases.SanityPDCTest"/>
  <testcase name="checkSavingVoucherInPDPVATWithVendorB" time="33.896" classname="com.focus.testcases.SanityPDCTest"/>
  <testcase name="checkConvertingVouchersInPDCVoucherScreenWithOutPostOnDate" time="3.174" classname="com.focus.testcases.SanityPDCTest"/>
  <testcase name="checkUpdateinPDCUnderSettingMenuForDisableEnableReversePostingInRecepits" time="12.512" classname="com.focus.testcases.SanityPDCTest"/>
  <testcase name="checkConvertingVouchersPDPInPDCVoucherScreenWithOutPostOnDate" time="1.048" classname="com.focus.testcases.SanityPDCTest"/>
  <testcase name="checkCovertingVoucherInPDCWithReversePosting" time="25.929" classname="com.focus.testcases.SanityPDCTest"/>
  <testcase name="checkConvertedPDCVoucherInReceipts" time="5.757" classname="com.focus.testcases.SanityPDCTest"/>
  <testcase name="checkSavedVoucherInPDPVAT" time="5.016" classname="com.focus.testcases.SanityPDCTest"/>
  <testcase name="checkEditingVoucherAndSavingInPDPVAT" time="12.023" classname="com.focus.testcases.SanityPDCTest"/>
  <testcase name="CheckSavedVoucherInPDPVATInCovertedPDCScreen" time="17.494" classname="com.focus.testcases.SanityPDCTest"/>
  <testcase name="checkUpdateinPDCUnderSettingMenuForEnableReversePostingInRecepits" time="13.114" classname="com.focus.testcases.SanityPDCTest"/>
  <testcase name="checkClickOnConvertedPDCVouchersAfterDeletionOfConvertedVoucherInRecepits" time="19.218" classname="com.focus.testcases.SanityPDCTest"/>
  <testcase name="CheckSavingVoucherInPDPVAT" time="31.339" classname="com.focus.testcases.SanityPDCTest"/>
</testsuite> <!-- com.focus.testcases.SanityPDCTest -->
