<?xml version="1.0" encoding="UTF-8"?>
<!-- Generated by org.testng.reporters.JUnitReportReporter -->
<testsuite hostname="FOCUS-QA-4" name="com.focus.testcases.UnitConversionTest" tests="3" failures="0" timestamp="23 Jul 2021 12:36:07 GMT" time="34.947" errors="0">
  <testcase name="checkDeletingUnitConversion" time="19.735" classname="com.focus.testcases.UnitConversionTest"/>
  <testcase name="checkUpdatingUnitConversion" time="9.008" classname="com.focus.testcases.UnitConversionTest"/>
  <testcase name="checkSavingUnitConversion" time="6.204" classname="com.focus.testcases.UnitConversionTest"/>
</testsuite> <!-- com.focus.testcases.UnitConversionTest -->
