<?xml version="1.0" encoding="UTF-8"?>
<!-- Generated by org.testng.reporters.JUnitReportReporter -->
<testsuite hostname="FOCUS-QA-4" name="com.focus.testcases.SmokeSecurityTest" tests="33" failures="0" timestamp="23 Jul 2021 12:36:07 GMT" time="676.051" errors="0">
  <testcase name="checkLedgerForRestrictedAccountThroughUser" time="14.557" classname="com.focus.testcases.SmokeSecurityTest"/>
  <testcase name="checkUpdatingTheCreatedUser" time="26.911" classname="com.focus.testcases.SmokeSecurityTest"/>
  <testcase name="verifyPasswordPolicy" time="13.705" classname="com.focus.testcases.SmokeSecurityTest"/>
  <testcase name="verifyGetTheSimplePasswordPolicy" time="2.771" classname="com.focus.testcases.SmokeSecurityTest"/>
  <testcase name="checkLogoutAndLoginWithUpdatedUserWithPreviousPassword" time="4.422" classname="com.focus.testcases.SmokeSecurityTest"/>
  <testcase name="checkPurchasesVoucherForRestrictedAccountsInUserThroughRole" time="29.799" classname="com.focus.testcases.SmokeSecurityTest"/>
  <testcase name="checkEditAndUpdateSavedRole" time="29.806" classname="com.focus.testcases.SmokeSecurityTest"/>
  <testcase name="checkSalesInvoicesVATForRestrictedAccountsInUserThroughRole" time="22.788" classname="com.focus.testcases.SmokeSecurityTest"/>
  <testcase name="checkLogoutAndLoginWithCreatedRestrictedUser" time="20.318" classname="com.focus.testcases.SmokeSecurityTest"/>
  <testcase name="verifyAlertOnDeletePasswordPolicy" time="7.699" classname="com.focus.testcases.SmokeSecurityTest"/>
  <testcase name="checkCreateUserWithAllMandatoryFileds" time="28.452" classname="com.focus.testcases.SmokeSecurityTest"/>
  <testcase name="checkCompareAndDeleteUpdatedRole" time="55.634" classname="com.focus.testcases.SmokeSecurityTest"/>
  <testcase name="checkLogoutAndLoginWithSU" time="9.984" classname="com.focus.testcases.SmokeSecurityTest"/>
  <testcase name="checkLogoutAndLoginWithSUToUpdatedUserDeleteUser" time="10.184" classname="com.focus.testcases.SmokeSecurityTest"/>
  <testcase name="checkLogoutAndLoginWithCreatedUser" time="20.247" classname="com.focus.testcases.SmokeSecurityTest"/>
  <testcase name="CheckSavingAllProfileSTwithAlloptionsEnabled" time="26.437" classname="com.focus.testcases.SmokeSecurityTest"/>
  <testcase name="checkLoginWithUpdatedPassword" time="6.230" classname="com.focus.testcases.SmokeSecurityTest"/>
  <testcase name="checkSaveingRoleWithAllfieldsInAllTabs" time="102.410" classname="com.focus.testcases.SmokeSecurityTest"/>
  <testcase name="checkLogoutLoginWithSU" time="9.941" classname="com.focus.testcases.SmokeSecurityTest"/>
  <testcase name="verifyPasswordPolicyLists" time="0.184" classname="com.focus.testcases.SmokeSecurityTest"/>
  <testcase name="checkCreateUserWithRestrictionsForAccount" time="30.441" classname="com.focus.testcases.SmokeSecurityTest"/>
  <testcase name="checkSalesInvoiceVATForRestrictedAccountsThroughUser" time="22.674" classname="com.focus.testcases.SmokeSecurityTest"/>
  <testcase name="checkCreateProfileSavingValidatingAndDeletingLoadedProfile" time="23.623" classname="com.focus.testcases.SmokeSecurityTest"/>
  <testcase name="verifyGetTheUpdatedPasswordPolicy" time="2.657" classname="com.focus.testcases.SmokeSecurityTest"/>
  <testcase name="checkEditingAndUpdatingSavedUser" time="26.248" classname="com.focus.testcases.SmokeSecurityTest"/>
  <testcase name="verifyPasswordPolicyTestSave" time="1.526" classname="com.focus.testcases.SmokeSecurityTest"/>
  <testcase name="checkCreateProfileLoadFromAllProfileAndValidatePurchasesVouchers" time="32.534" classname="com.focus.testcases.SmokeSecurityTest"/>
  <testcase name="checkDeletingUpdatedUser" time="14.075" classname="com.focus.testcases.SmokeSecurityTest"/>
  <testcase name="verifyUpdateSimplePasswordPolicy" time="3.394" classname="com.focus.testcases.SmokeSecurityTest"/>
  <testcase name="checkLedgerForRestrictedAccountsInUserThroughRole" time="22.487" classname="com.focus.testcases.SmokeSecurityTest"/>
  <testcase name="checkLogoutAndLoginWithNewlySavedUser_Testing" time="20.285" classname="com.focus.testcases.SmokeSecurityTest"/>
  <testcase name="checkPurchasesVocherForRestrictedAccountThroughUser" time="12.775" classname="com.focus.testcases.SmokeSecurityTest"/>
  <testcase name="checInputMandatoryFieldsInCreateUser" time="20.853" classname="com.focus.testcases.SmokeSecurityTest"/>
</testsuite> <!-- com.focus.testcases.SmokeSecurityTest -->
