<?xml version="1.0" encoding="UTF-8"?>
<!-- Generated by org.testng.reporters.JUnitReportReporter -->
<testsuite hostname="Focus-QA-4" name="com.focus.testcases.SmokeCurrencyTest" tests="35" failures="0" timestamp="31 Oct 2020 08:43:17 GMT" time="502.986" errors="0">
  <testcase name="checkSelectSheetAndClickOnOkButtonInSelectSheetScreenOfExchangeRate" time="5.611" classname="com.focus.testcases.SmokeCurrencyTest"/>
  <testcase name="checkCurrencyMenuUnderMastersMenuFromHomeMenu" time="6.158" classname="com.focus.testcases.SmokeCurrencyTest"/>
  <testcase name="checkImportedValuesSecondInExchangeRate" time="23.326" classname="com.focus.testcases.SmokeCurrencyTest"/>
  <testcase name="checkClickOnClearToClearValuesInExchangeRate" time="5.308" classname="com.focus.testcases.SmokeCurrencyTest"/>
  <testcase name="checkSaveOptionInCurrencyMaster" time="28.118" classname="com.focus.testcases.SmokeCurrencyTest"/>
  <testcase name="checkSaveAEDExchangeRate" time="49.380" classname="com.focus.testcases.SmokeCurrencyTest"/>
  <testcase name="checkExchangeRateHistorySelectAED" time="23.276" classname="com.focus.testcases.SmokeCurrencyTest"/>
  <testcase name="checkDeleteOptionWithYesInExchangeRate" time="5.500" classname="com.focus.testcases.SmokeCurrencyTest"/>
  <testcase name="checkClickOnExchangeRateHistoryMenuFromCurrency" time="8.030" classname="com.focus.testcases.SmokeCurrencyTest"/>
  <testcase name="checkLogoutInCurrencyMasterPage" time="4.529" classname="com.focus.testcases.SmokeCurrencyTest"/>
  <testcase name="checkDeleteRowInUSDExchangeRate" time="5.504" classname="com.focus.testcases.SmokeCurrencyTest"/>
  <testcase name="checkImportedValuesFirstInExchangeRate" time="23.736" classname="com.focus.testcases.SmokeCurrencyTest"/>
  <testcase name="checkClickOnExchangeRateOptionInCurrencyMaster" time="6.136" classname="com.focus.testcases.SmokeCurrencyTest"/>
  <testcase name="checkDeletedCurrencyValuesIsDisplayInExchangeRate" time="5.832" classname="com.focus.testcases.SmokeCurrencyTest"/>
  <testcase name="checkUSDValuesInSavedExchangeRate" time="17.085" classname="com.focus.testcases.SmokeCurrencyTest"/>
  <testcase name="checkCancelOptionInExchangeRateHistory" time="5.035" classname="com.focus.testcases.SmokeCurrencyTest"/>
  <testcase name="checkSelectColumnsMappingInImportScreenOfExchangeRate" time="5.805" classname="com.focus.testcases.SmokeCurrencyTest"/>
  <testcase name="checkSaveExchangeRateBaseCurrencyUSD" time="25.288" classname="com.focus.testcases.SmokeCurrencyTest"/>
  <testcase name="checkClickOnCurrencyMasterMenu" time="12.305" classname="com.focus.testcases.SmokeCurrencyTest"/>
  <testcase name="checkValuesInUpdatedExchangeRateOptionInCurrencyMaster" time="33.546" classname="com.focus.testcases.SmokeCurrencyTest"/>
  <testcase name="checkValuesInSavedExchangeRateOptionInCurrencyMaster" time="17.778" classname="com.focus.testcases.SmokeCurrencyTest"/>
  <testcase name="checkClickOnCancelButtonInCurrencyMaster" time="7.482" classname="com.focus.testcases.SmokeCurrencyTest"/>
  <testcase name="checkClickOnImportFromExcelToDisplayImportScreenInExchangeRate" time="5.493" classname="com.focus.testcases.SmokeCurrencyTest"/>
  <testcase name="checkClickOnClearToClearValuesInExchangeRateOptionInCurrencyMaster" time="5.481" classname="com.focus.testcases.SmokeCurrencyTest"/>
  <testcase name="checkValuesInSavedExchangeRate" time="18.564" classname="com.focus.testcases.SmokeCurrencyTest"/>
  <testcase name="checkCancelOptionInExchangeRate" time="3.448" classname="com.focus.testcases.SmokeCurrencyTest"/>
  <testcase name="checkSaveExchangeRateOfCurrencyMaster" time="28.710" classname="com.focus.testcases.SmokeCurrencyTest"/>
  <testcase name="checkUSDUpdatedWithRowDeleteValuesInSavedExchangeRate" time="13.527" classname="com.focus.testcases.SmokeCurrencyTest"/>
  <testcase name="checkClickOnExchangeRateFromCurrecnyMenu" time="10.426" classname="com.focus.testcases.SmokeCurrencyTest"/>
  <testcase name="checkExchangeRateHistoryClearButton" time="5.759" classname="com.focus.testcases.SmokeCurrencyTest"/>
  <testcase name="checkCurrencyUpdateInformationInCurrencyMaster" time="13.941" classname="com.focus.testcases.SmokeCurrencyTest"/>
  <testcase name="checkSavedCurrencyValuesAfterDeleteAndInput" time="24.944" classname="com.focus.testcases.SmokeCurrencyTest"/>
  <testcase name="checkCancelOptionSaveExchangeRateInExchangeRateOptionInCurrencyMaster" time="9.118" classname="com.focus.testcases.SmokeCurrencyTest"/>
  <testcase name="checkClickOnImportDataInImportFromExcelPageOfExchangeRate" time="15.483" classname="com.focus.testcases.SmokeCurrencyTest"/>
  <testcase name="checkSignToCheckCurrencyMastersPage" time="23.324" classname="com.focus.testcases.SmokeCurrencyTest"/>
</testsuite> <!-- com.focus.testcases.SmokeCurrencyTest -->
