<?xml version="1.0" encoding="UTF-8"?>
<!-- Generated by org.testng.reporters.JUnitReportReporter -->
<testsuite hostname="FOCUS-QA-4" name="com.focus.testcases.UnitsTest" tests="5" failures="0" timestamp="23 Jul 2021 12:36:07 GMT" time="34.149" errors="0">
  <testcase name="checkUpdatedUnitsMasterDisplayInUnits" time="0.093" classname="com.focus.testcases.UnitsTest"/>
  <testcase name="checkDeleteUnitsInUnitsMaster" time="9.209" classname="com.focus.testcases.UnitsTest"/>
  <testcase name="checkSavingUnitsInUnitsMaster" time="5.537" classname="com.focus.testcases.UnitsTest"/>
  <testcase name="checkEditingInSavedUnitsINUnitsMaster" time="2.634" classname="com.focus.testcases.UnitsTest"/>
  <testcase name="checkUnitMasterInMAsterMenu" time="16.676" classname="com.focus.testcases.UnitsTest"/>
</testsuite> <!-- com.focus.testcases.UnitsTest -->
