<?xml version="1.0" encoding="UTF-8"?>
<!-- Generated by org.testng.reporters.JUnitReportReporter -->
<testsuite hostname="FOCUS-QA-133" failures="0" tests="1" name="com.focus.testcases.FinancialPageTest" time="31.425" errors="0" timestamp="28 Jul 2021 08:14:34 GMT">
  <testcase classname="com.focus.testcases.FinancialPageTest" name="checkTransactionCration" time="31.425"/>
</testsuite> <!-- com.focus.testcases.FinancialPageTest -->
