<?xml version="1.0" encoding="UTF-8"?>
<!-- Generated by org.testng.reporters.JUnitReportReporter -->
<testsuite hostname="Focus-QA-4" name="com.focus.testcases.SmokeDepartmentTest" tests="28" failures="0" timestamp="31 Oct 2020 09:29:39 GMT" time="309.050" errors="0">
  <testcase name="checkCreateViewToggleOptionsAvailableInDepartmentMastersPage" time="3.827" classname="com.focus.testcases.SmokeDepartmentTest"/>
  <testcase name="checkClickOnEditForNewlyCreatedDepartment" time="2.259" classname="com.focus.testcases.SmokeDepartmentTest"/>
  <testcase name="checkClickOnSaveByUpdatingMasterAndDisplayDepartmentDisplayInGrid" time="6.992" classname="com.focus.testcases.SmokeDepartmentTest"/>
  <testcase name="checkDepartmentMastersDisplayTableColumnNamesAvailableInDepartmentMastersPage" time="3.976" classname="com.focus.testcases.SmokeDepartmentTest"/>
  <testcase name="checkMainOptionsAvailabilityInDepartmentsMasterPage" time="4.553" classname="com.focus.testcases.SmokeDepartmentTest"/>
  <testcase name="checkUpatingNameCodeCurrencyForNewlyCreateDepartment" time="15.290" classname="com.focus.testcases.SmokeDepartmentTest"/>
  <testcase name="checkNameCodeAndCurrencyOptionForNewlyCreatedDepartmentThroughEdit" time="5.262" classname="com.focus.testcases.SmokeDepartmentTest"/>
  <testcase name="checkDeleteMasterDisplayInGroup" time="44.005" classname="com.focus.testcases.SmokeDepartmentTest"/>
  <testcase name="checkTreeViewOptionsAvailableInDepartmentsMastersPage" time="6.261" classname="com.focus.testcases.SmokeDepartmentTest"/>
  <testcase name="checkCloseDepartmentMaster" time="5.579" classname="com.focus.testcases.SmokeDepartmentTest"/>
  <testcase name="checkDisplayOfGroupAvailableTreeStructureLeftPageDepartmentsMasterPage" time="3.396" classname="com.focus.testcases.SmokeDepartmentTest"/>
  <testcase name="checkToolsOptionsAvailabilityOnClickMasterRibbonToExpandOptionsInDepartmentMastersPage" time="9.212" classname="com.focus.testcases.SmokeDepartmentTest"/>
  <testcase name="checkLogoutInDepartmentMasterPage" time="4.544" classname="com.focus.testcases.SmokeDepartmentTest"/>
  <testcase name="checkHideUnitGroupOptionsAvailableInDepartmentMastersPage" time="4.662" classname="com.focus.testcases.SmokeDepartmentTest"/>
  <testcase name="checkDepartmentsMasterPageIsDisplayByClickOnDepartmentsMenu" time="6.985" classname="com.focus.testcases.SmokeDepartmentTest"/>
  <testcase name="checkInputNameCodeLocalCurrencyFieldsInDepartmentCreationPage" time="12.234" classname="com.focus.testcases.SmokeDepartmentTest"/>
  <testcase name="checkDepartmentMastersDisplayTableColumnValuesAvailableInDepartmentMastersPage" time="84.635" classname="com.focus.testcases.SmokeDepartmentTest"/>
  <testcase name="checkDeleteDepartmentMaster" time="6.688" classname="com.focus.testcases.SmokeDepartmentTest"/>
  <testcase name="checkClickOnNewButtonInDepartmentMasterPage" time="9.248" classname="com.focus.testcases.SmokeDepartmentTest"/>
  <testcase name="checkOtherToolsOptionsAvailabilityInDepartmentMastersPageOnClickRibbonControlNextButton" time="5.024" classname="com.focus.testcases.SmokeDepartmentTest"/>
  <testcase name="checkClickOnSaveButtonInDepartmentCreationPage" time="3.066" classname="com.focus.testcases.SmokeDepartmentTest"/>
  <testcase name="checkCreateTreeToggleOptionsAvailableInDepartmentMastersPage" time="4.685" classname="com.focus.testcases.SmokeDepartmentTest"/>
  <testcase name="checkSignToCheckDepartmentMastersPage" time="22.459" classname="com.focus.testcases.SmokeDepartmentTest"/>
  <testcase name="checkSearchOptionAvailableInDepartmentMastersPage" time="3.545" classname="com.focus.testcases.SmokeDepartmentTest"/>
  <testcase name="checkSaveDepartment" time="15.032" classname="com.focus.testcases.SmokeDepartmentTest"/>
  <testcase name="checkHeaderFieldsOptionsAvailableInDepartmentMastersPage" time="7.050" classname="com.focus.testcases.SmokeDepartmentTest"/>
  <testcase name="checkDepartmentCreationAndClickOnCloseButtonToDisplayCreatedDepartmentInDisplayGrid" time="5.211" classname="com.focus.testcases.SmokeDepartmentTest"/>
  <testcase name="checkUnHideUnitsGroupOptionsAvailableInDepartmentMastersPage" time="3.370" classname="com.focus.testcases.SmokeDepartmentTest"/>
</testsuite> <!-- com.focus.testcases.SmokeDepartmentTest -->
