<?xml version="1.0" encoding="UTF-8"?>
<!-- Generated by org.testng.reporters.JUnitReportReporter -->
<testsuite hostname="FOCUS-QA-133" failures="0" tests="5" name="com.focus.testcases.CompanyOptionsTest" time="40.065" errors="0" timestamp="24 Aug 2021 06:50:18 GMT">
  <testcase classname="com.focus.testcases.CompanyOptionsTest" name="checkLogOutAndLoginAfterEditCompany" time="13.758"/>
  <testcase classname="com.focus.testcases.CompanyOptionsTest" name="verifyCloseEditCompanyPageClickOnCancelButton" time="1.267"/>
  <testcase classname="com.focus.testcases.CompanyOptionsTest" name="verifySearchOptionByInputingEditCompany" time="3.957"/>
  <testcase classname="com.focus.testcases.CompanyOptionsTest" name="verifySelectEditCompanyFromSearch" time="12.278"/>
  <testcase classname="com.focus.testcases.CompanyOptionsTest" name="verifyAlertByUpdatingCompanyClickOnOkButton" time="8.805"/>
</testsuite> <!-- com.focus.testcases.CompanyOptionsTest -->
