<?xml version="1.0" encoding="UTF-8"?>
<!-- Generated by org.testng.reporters.JUnitReportReporter -->
<testsuite hostname="Focus-QA-4" name="com.focus.testcases.SmokeDesignWorkFlowTest" tests="144" failures="0" timestamp="22 Oct 2020 10:13:13 GMT" time="950.796" errors="1">
  <testcase name="checkSelectingQuantityinLinkValueOptionBetweenSalesQuotationsAndExcessinStocks" time="3.671" classname="com.focus.testcases.SmokeDesignWorkFlowTest"/>
  <testcase name="checkSelectingQuantityinLinkValueOptionBetweenStockTransferAndSalesInvoiceN" time="3.505" classname="com.focus.testcases.SmokeDesignWorkFlowTest"/>
  <testcase name="checkOkBetweenBetweenSalesInvoiceNAndDeliveryNotes" time="3.681" classname="com.focus.testcases.SmokeDesignWorkFlowTest"/>
  <testcase name="checkMovingPurchaseOrderToPosition" time="5.574" classname="com.focus.testcases.SmokeDesignWorkFlowTest"/>
  <testcase name="checkDeletingTestFlow" time="9.429" classname="com.focus.testcases.SmokeDesignWorkFlowTest"/>
  <testcase name="checkLinkBetweenSalesInvoiceNToDeliveryNotes" time="8.167" classname="com.focus.testcases.SmokeDesignWorkFlowTest"/>
  <testcase name="verifySelectBaseAndLinkVouchersToDrag" time="9.300" classname="com.focus.testcases.SmokeDesignWorkFlowTest"/>
  <testcase name="checkSelectingItemOptionBetweenSalesQuotationsAndExcessinStocks" time="3.936" classname="com.focus.testcases.SmokeDesignWorkFlowTest"/>
  <testcase name="checkSelectingItemOptionBetweenPurchaseVoucherAndPurchaseReturns" time="5.945" classname="com.focus.testcases.SmokeDesignWorkFlowTest"/>
  <testcase name="verifyLinkandDeleteOptionsinPurchaseorders" time="5.304" classname="com.focus.testcases.SmokeDesignWorkFlowTest"/>
  <testcase name="verifySaveButtonWithSingleVoucher" time="3.967" classname="com.focus.testcases.SmokeDesignWorkFlowTest"/>
  <testcase name="checkSelectingItemOptionBetweenMRNAndPurchaseReturns" time="5.336" classname="com.focus.testcases.SmokeDesignWorkFlowTest"/>
  <testcase name="checkLinkandDeleteOptionsinPurchaseorders2" time="5.449" classname="com.focus.testcases.SmokeDesignWorkFlowTest"/>
  <testcase name="checkSelectingMaterialRequisitionfromVoucherlist" time="11.675" classname="com.focus.testcases.SmokeDesignWorkFlowTest"/>
  <testcase name="verifyLinkValue" time="4.045" classname="com.focus.testcases.SmokeDesignWorkFlowTest"/>
  <testcase name="verifySavingVouchersWithHavingLink" time="4.068" classname="com.focus.testcases.SmokeDesignWorkFlowTest"/>
  <testcase name="verifySavingVouchersWithoutHavingLink" time="4.505" classname="com.focus.testcases.SmokeDesignWorkFlowTest"/>
  <testcase name="verifySaveWorkFlowNameDisplay" time="9.800" classname="com.focus.testcases.SmokeDesignWorkFlowTest"/>
  <testcase name="checkSelectingItemOptionBetweenStockTransferAndSalesInvoiceN" time="3.649" classname="com.focus.testcases.SmokeDesignWorkFlowTest"/>
  <testcase name="verifySelectingLinkButtoninSalesQuotations" time="3.498" classname="com.focus.testcases.SmokeDesignWorkFlowTest"/>
  <testcase name="checkSelectingPurchaseVoucherfromVoucherlist" time="5.658" classname="com.focus.testcases.SmokeDesignWorkFlowTest"/>
  <testcase name="checkSelectingNarration" time="48.819" classname="com.focus.testcases.SmokeDesignWorkFlowTest"/>
  <testcase name="verifyLinkandDeleteOptionsinSalesInvoiceNAndSelectingLinkOption" time="5.733" classname="com.focus.testcases.SmokeDesignWorkFlowTest"/>
  <testcase name="checkSelectingQuantityinLinkValueOptionBetweenPurchaseOrdersAndPurchaseVoucherVAT" time="3.400" classname="com.focus.testcases.SmokeDesignWorkFlowTest"/>
  <testcase name="checkOkBetweenMRandPurchaseOrders" time="5.431" classname="com.focus.testcases.SmokeDesignWorkFlowTest"/>
  <testcase name="verifySettingTabOptions" time="7.137" classname="com.focus.testcases.SmokeDesignWorkFlowTest"/>
  <testcase name="checkUpdatedTestFlow" time="13.517" classname="com.focus.testcases.SmokeDesignWorkFlowTest"/>
  <testcase name="verifySelectingQuantityinLinkValueOptionBetweenExcessinStocksAndShortageinStocks" time="3.393" classname="com.focus.testcases.SmokeDesignWorkFlowTest"/>
  <testcase name="checkSelectingItemOptionBetweenPurchaseVoucherNAndMRN" time="5.503" classname="com.focus.testcases.SmokeDesignWorkFlowTest"/>
  <testcase name="checkSelectingQuantityinLinkValueOptionBetweenMRNAndPurchaseReturns" time="5.235" classname="com.focus.testcases.SmokeDesignWorkFlowTest"/>
  <testcase name="verifyOptionsInDesignWorkFlow" time="8.129" classname="com.focus.testcases.SmokeDesignWorkFlowTest"/>
  <testcase name="checkLinkBetweenSalesQuotationAndSalesOrder" time="6.076" classname="com.focus.testcases.SmokeDesignWorkFlowTest"/>
  <testcase name="verifyLinkandDeleteOptionsinExcessinStocksAndSelectingLinkOption" time="5.771" classname="com.focus.testcases.SmokeDesignWorkFlowTest"/>
  <testcase name="verifyLinkandDeleteOptionsinSalesOrdersAndSelectingLinkOption" time="6.866" classname="com.focus.testcases.SmokeDesignWorkFlowTest"/>
  <testcase name="checkMappingBetweenPurchaseVoucherAndPurchseReturns" time="5.286" classname="com.focus.testcases.SmokeDesignWorkFlowTest"/>
  <testcase name="verifySelectingStockTransferfromVoucherlist" time="6.361" classname="com.focus.testcases.SmokeDesignWorkFlowTest"/>
  <testcase name="checkSelectingItemOptionBetweenPurchaseOrdersAndPurchaseVoucher" time="5.402" classname="com.focus.testcases.SmokeDesignWorkFlowTest"/>
  <testcase name="checkSelectAndDragVoucherPurchaseOrder" time="5.875" classname="com.focus.testcases.SmokeDesignWorkFlowTest"/>
  <testcase name="checkMappingBetweenMRtoPurchaseOrders" time="5.360" classname="com.focus.testcases.SmokeDesignWorkFlowTest"/>
  <testcase name="checkSelectingItemOptionBetweenSalesQuotationAndSalesOrder" time="3.594" classname="com.focus.testcases.SmokeDesignWorkFlowTest"/>
  <testcase name="checkUpdatingSavedTestFlow" time="12.601" classname="com.focus.testcases.SmokeDesignWorkFlowTest"/>
  <testcase name="checkMappingBetweenPurchaseOrdersAndPurchaseVoucher" time="6.217" classname="com.focus.testcases.SmokeDesignWorkFlowTest"/>
  <testcase name="checkOkBetweenPurchaseOrderAndPurchaseVocuherVAT" time="5.375" classname="com.focus.testcases.SmokeDesignWorkFlowTest"/>
  <testcase name="checkSelectingQuantityinLinkValueOptionBetweenSalesInvoiceNAndDeliveryNotes" time="3.960" classname="com.focus.testcases.SmokeDesignWorkFlowTest"/>
  <testcase name="verifySaveButtonWithoutWorkFlowName" time="5.268" classname="com.focus.testcases.SmokeDesignWorkFlowTest"/>
  <testcase name="checkLinkandDeleteOptionsinMR" time="5.258" classname="com.focus.testcases.SmokeDesignWorkFlowTest"/>
  <testcase name="checkLinkandDeleteOptionsinMRN" time="5.167" classname="com.focus.testcases.SmokeDesignWorkFlowTest"/>
  <testcase name="verifyMovingStockTransferToPosition" time="5.585" classname="com.focus.testcases.SmokeDesignWorkFlowTest"/>
  <testcase name="verifyLinkandDeleteOptionsinSalesInvoiceAndSelectingLinkOption" time="7.599" classname="com.focus.testcases.SmokeDesignWorkFlowTest"/>
  <testcase name="checkSelectingItemOptionBetweenExcessinStocksStockTransfer" time="3.349" classname="com.focus.testcases.SmokeDesignWorkFlowTest"/>
  <testcase name="checkLinkBetweenStockTransferToSalesInvoiceN" time="6.040" classname="com.focus.testcases.SmokeDesignWorkFlowTest"/>
  <testcase name="checkLinkBetweenMRandPurchaseOrders" time="8.397" classname="com.focus.testcases.SmokeDesignWorkFlowTest"/>
  <testcase name="checkOkBetweenBetweenPurchaseVoucherNAndMRN" time="5.340" classname="com.focus.testcases.SmokeDesignWorkFlowTest"/>
  <testcase name="verifyLinkNodeLineFromBaseVoucherToLinkVoucher" time="5.343" classname="com.focus.testcases.SmokeDesignWorkFlowTest"/>
  <testcase name="checkOkBetweenBetweenExcessinStockAndStockTransfer" time="3.539" classname="com.focus.testcases.SmokeDesignWorkFlowTest"/>
  <testcase name="checkSelectingItemOptionBetweenMRandPurchaseOrders" time="5.374" classname="com.focus.testcases.SmokeDesignWorkFlowTest"/>
  <testcase name="verifySelectingSalesVoucherTypesfromVoucherlist" time="15.622" classname="com.focus.testcases.SmokeDesignWorkFlowTest"/>
  <testcase name="checkLinkandDeleteOptionsinPurchaseVoucher" time="5.247" classname="com.focus.testcases.SmokeDesignWorkFlowTest"/>
  <testcase name="checkEnabletheOptionCheckStockWhileLinking" time="23.363" classname="com.focus.testcases.SmokeDesignWorkFlowTest">
    <error type="org.openqa.selenium.TimeoutException" message="Expected condition failed: waiting for element to be clickable: [[ChromeDriver: chrome on WINDOWS (44b932c009056309ef29e378768fa08e)] -&gt; xpath: //input[@id=&#039;ChkStockLink&#039;]] (tried for 20 second(s) with 1000 milliseconds interval)
Build info: version: &#039;3.12.0&#039;, revision: &#039;7c6e0b3&#039;, time: &#039;2018-05-08T14:04:26.12Z&#039;
System info: host: &#039;FOCUS-QA-4&#039;, ip: &#039;192.168.4.54&#039;, os.name: &#039;Windows 10&#039;, os.arch: &#039;amd64&#039;, os.version: &#039;10.0&#039;, java.version: &#039;1.8.0_111&#039;
Driver info: driver.version: unknown">
      <![CDATA[org.openqa.selenium.TimeoutException: Expected condition failed: waiting for element to be clickable: [[ChromeDriver: chrome on WINDOWS (44b932c009056309ef29e378768fa08e)] -> xpath: //input[@id='ChkStockLink']] (tried for 20 second(s) with 1000 milliseconds interval)
Build info: version: '3.12.0', revision: '7c6e0b3', time: '2018-05-08T14:04:26.12Z'
System info: host: 'FOCUS-QA-4', ip: '192.168.4.54', os.name: 'Windows 10', os.arch: 'amd64', os.version: '10.0', java.version: '1.8.0_111'
Driver info: driver.version: unknown
	at org.openqa.selenium.support.ui.FluentWait.timeoutException(FluentWait.java:303)
	at org.openqa.selenium.support.ui.FluentWait.until(FluentWait.java:271)
	at com.focus.Pages.SmokeDesignWorkFlowPage.checkEnabletheOptionCheckStockWhileLinking(SmokeDesignWorkFlowPage.java:7248)
	at com.focus.testcases.SmokeDesignWorkFlowTest.checkEnabletheOptionCheckStockWhileLinking(SmokeDesignWorkFlowTest.java:1255)
	at sun.reflect.NativeMethodAccessorImpl.invoke0(Native Method)
	at sun.reflect.NativeMethodAccessorImpl.invoke(Unknown Source)
	at sun.reflect.DelegatingMethodAccessorImpl.invoke(Unknown Source)
	at java.lang.reflect.Method.invoke(Unknown Source)
	at org.testng.internal.MethodInvocationHelper.invokeMethod(MethodInvocationHelper.java:86)
	at org.testng.internal.Invoker.invokeMethod(Invoker.java:643)
	at org.testng.internal.Invoker.invokeTestMethod(Invoker.java:820)
	at org.testng.internal.Invoker.invokeTestMethods(Invoker.java:1128)
	at org.testng.internal.TestMethodWorker.invokeTestMethods(TestMethodWorker.java:129)
	at org.testng.internal.TestMethodWorker.run(TestMethodWorker.java:112)
	at org.testng.TestRunner.privateRun(TestRunner.java:782)
	at org.testng.TestRunner.run(TestRunner.java:632)
	at org.testng.SuiteRunner.runTest(SuiteRunner.java:366)
	at org.testng.SuiteRunner.runSequentially(SuiteRunner.java:361)
	at org.testng.SuiteRunner.privateRun(SuiteRunner.java:319)
	at org.testng.SuiteRunner.run(SuiteRunner.java:268)
	at org.testng.SuiteRunnerWorker.runSuite(SuiteRunnerWorker.java:52)
	at org.testng.SuiteRunnerWorker.run(SuiteRunnerWorker.java:86)
	at org.testng.TestNG.runSuitesSequentially(TestNG.java:1244)
	at org.testng.TestNG.runSuitesLocally(TestNG.java:1169)
	at org.testng.TestNG.run(TestNG.java:1064)
	at org.testng.remote.AbstractRemoteTestNG.run(AbstractRemoteTestNG.java:114)
	at org.testng.remote.RemoteTestNG.initAndRun(RemoteTestNG.java:251)
	at org.testng.remote.RemoteTestNG.main(RemoteTestNG.java:77)
]]>
    </error>
  </testcase> <!-- checkEnabletheOptionCheckStockWhileLinking -->
  <testcase name="checkOkBetweenBetweenPurchaseOrdersAndPurchaseVoucher" time="5.448" classname="com.focus.testcases.SmokeDesignWorkFlowTest"/>
  <testcase name="verifyMovingsalesInvoicesNToPosition" time="5.467" classname="com.focus.testcases.SmokeDesignWorkFlowTest"/>
  <testcase name="checkSelectingItemOptionBetweenSalesInvoiceNAndDeliveryNotes" time="7.379" classname="com.focus.testcases.SmokeDesignWorkFlowTest"/>
  <testcase name="checkMappingBetweenPurchaseVoucherNAndMRN" time="5.279" classname="com.focus.testcases.SmokeDesignWorkFlowTest"/>
  <testcase name="verifyOpenDesignWorkFlow" time="17.661" classname="com.focus.testcases.SmokeDesignWorkFlowTest"/>
  <testcase name="checkMappingFromExcessinStocksToStockTransfer" time="3.569" classname="com.focus.testcases.SmokeDesignWorkFlowTest"/>
  <testcase name="verifySaveButtonInDesignWorkflowScreen" time="4.500" classname="com.focus.testcases.SmokeDesignWorkFlowTest"/>
  <testcase name="checkLinkBetweenMRNAndPurchasereturns" time="9.985" classname="com.focus.testcases.SmokeDesignWorkFlowTest"/>
  <testcase name="verifyLinkOptionInBetweenAutoSalesOrderAndAutoSalesInvoice" time="3.715" classname="com.focus.testcases.SmokeDesignWorkFlowTest"/>
  <testcase name="checkLinkBetweenExcessinStocksToShoratgeinStocks" time="6.029" classname="com.focus.testcases.SmokeDesignWorkFlowTest"/>
  <testcase name="verifyClearButton" time="7.295" classname="com.focus.testcases.SmokeDesignWorkFlowTest"/>
  <testcase name="checkLinkBetweenPurchaseOrdersAndPurchaseVoucher" time="10.376" classname="com.focus.testcases.SmokeDesignWorkFlowTest"/>
  <testcase name="checkSelectingQuantityinLinkValueOptionBetweenSalesInvoicesAndSalesReturns" time="3.900" classname="com.focus.testcases.SmokeDesignWorkFlowTest"/>
  <testcase name="checkMappingBetweenPurchaseOrdersAndPurchaseVoucherN" time="5.982" classname="com.focus.testcases.SmokeDesignWorkFlowTest"/>
  <testcase name="checkLinkBetweenPurchaseVoucherAndMRN" time="9.914" classname="com.focus.testcases.SmokeDesignWorkFlowTest"/>
  <testcase name="verifyLinkandDeleteOptionsinSalesQuotations" time="6.179" classname="com.focus.testcases.SmokeDesignWorkFlowTest"/>
  <testcase name="checkSelectingPurcahseOrdersfromVoucherlist" time="8.615" classname="com.focus.testcases.SmokeDesignWorkFlowTest"/>
  <testcase name="checkSelectingQuantityinLinkValueOptionBetweenPurchaseVoucherNAndMRN" time="5.850" classname="com.focus.testcases.SmokeDesignWorkFlowTest"/>
  <testcase name="checkLinkBetweenSalesOrderAndSalesInvoice" time="5.887" classname="com.focus.testcases.SmokeDesignWorkFlowTest"/>
  <testcase name="checkMovingPurchaseVoucherVATToPosition" time="5.505" classname="com.focus.testcases.SmokeDesignWorkFlowTest"/>
  <testcase name="checkLinkandDeleteOptionsinPurchasevouchersVat" time="5.313" classname="com.focus.testcases.SmokeDesignWorkFlowTest"/>
  <testcase name="verifySelectingShortageinStocksfromVoucherlist" time="5.805" classname="com.focus.testcases.SmokeDesignWorkFlowTest"/>
  <testcase name="verifyLinkandDeleteOptionsinSalesQuotationAndSelectingLinkOption" time="6.506" classname="com.focus.testcases.SmokeDesignWorkFlowTest"/>
  <testcase name="checkLinkandDeleteOptionsinExcessinStocks2AndSelectingLinkOption" time="5.742" classname="com.focus.testcases.SmokeDesignWorkFlowTest"/>
  <testcase name="checkOkBetweenBetweenSalesInvoicesrAndSalesReturns" time="3.755" classname="com.focus.testcases.SmokeDesignWorkFlowTest"/>
  <testcase name="verifyMovingPurchaseReturnsToPosition" time="5.441" classname="com.focus.testcases.SmokeDesignWorkFlowTest"/>
  <testcase name="checkOkBetweenBetweenStockTransferAndSalesInvoiceN" time="3.621" classname="com.focus.testcases.SmokeDesignWorkFlowTest"/>
  <testcase name="verifyMovingSalesInvoicesToPosition" time="3.469" classname="com.focus.testcases.SmokeDesignWorkFlowTest"/>
  <testcase name="verifyOkButtonWithSelectionOfMandatroryFields" time="3.653" classname="com.focus.testcases.SmokeDesignWorkFlowTest"/>
  <testcase name="checkSelectingItemOptionBetweenPurchseOrdersAndPurchaseVoucherVAT" time="7.137" classname="com.focus.testcases.SmokeDesignWorkFlowTest"/>
  <testcase name="checkSelectingItemOptionBetweenExcessinStocksShortageinStocks" time="3.525" classname="com.focus.testcases.SmokeDesignWorkFlowTest"/>
  <testcase name="verifyMovingMRNToPosition" time="3.408" classname="com.focus.testcases.SmokeDesignWorkFlowTest"/>
  <testcase name="checkLinkBetweenPurchaseVoucherAndpurchaseReturns" time="10.994" classname="com.focus.testcases.SmokeDesignWorkFlowTest"/>
  <testcase name="verifyMappingFromSalesOrderToSalesInvoice" time="5.281" classname="com.focus.testcases.SmokeDesignWorkFlowTest"/>
  <testcase name="checkLinkandDeleteOptionsinStockTransferAndSelectingLinkOption" time="5.463" classname="com.focus.testcases.SmokeDesignWorkFlowTest"/>
  <testcase name="checkSelectingPurchaseVoucherVatfromVoucherlist" time="6.825" classname="com.focus.testcases.SmokeDesignWorkFlowTest"/>
  <testcase name="checkMappingFromStockTransferToSalesInvoiceN" time="5.875" classname="com.focus.testcases.SmokeDesignWorkFlowTest"/>
  <testcase name="checkMappingFromSalesQuotationToExcessinStocks" time="5.272" classname="com.focus.testcases.SmokeDesignWorkFlowTest"/>
  <testcase name="checkOkBetweenBetweenPurchaseVoucherAndPurchaseReturns" time="5.402" classname="com.focus.testcases.SmokeDesignWorkFlowTest"/>
  <testcase name="checkSelectingQuantityinLinkValueOptionBetweenSalesOrderAndSalesInvoices" time="3.889" classname="com.focus.testcases.SmokeDesignWorkFlowTest"/>
  <testcase name="checkLinkBetweenSalesInvoiceAndSalesReturns" time="6.608" classname="com.focus.testcases.SmokeDesignWorkFlowTest"/>
  <testcase name="checkSelectingQuantityinLinkValueOptionBetweenPurchaseOrdersAndPurchaseVoucher" time="5.216" classname="com.focus.testcases.SmokeDesignWorkFlowTest"/>
  <testcase name="verifyLinkValueOptions" time="6.184" classname="com.focus.testcases.SmokeDesignWorkFlowTest"/>
  <testcase name="checkSelectingQuantityinLinkValueOptionBetweenSalesQuotationAndSalesOrder" time="3.315" classname="com.focus.testcases.SmokeDesignWorkFlowTest"/>
  <testcase name="checkLinkBetweenPurchaseOrderAndpurchaseVoucherVAT" time="7.851" classname="com.focus.testcases.SmokeDesignWorkFlowTest"/>
  <testcase name="verifySelectingPurchaseReturnsfromVoucherlist" time="6.507" classname="com.focus.testcases.SmokeDesignWorkFlowTest"/>
  <testcase name="verifySelectingDeliveryNotesfromVoucherlist" time="5.811" classname="com.focus.testcases.SmokeDesignWorkFlowTest"/>
  <testcase name="checkSavingPurchasesFlow" time="6.521" classname="com.focus.testcases.SmokeDesignWorkFlowTest"/>
  <testcase name="verifyMovingDeliveryNotesToPosition" time="5.632" classname="com.focus.testcases.SmokeDesignWorkFlowTest"/>
  <testcase name="checkMappingFromExcessinStocksToShortageinStocks" time="5.287" classname="com.focus.testcases.SmokeDesignWorkFlowTest"/>
  <testcase name="checkOkBetweenBetweenMRNAndPurchaseReturns" time="5.344" classname="com.focus.testcases.SmokeDesignWorkFlowTest"/>
  <testcase name="checkOkBetweenBetweenSalesQuotationsAndExcessinStock" time="5.262" classname="com.focus.testcases.SmokeDesignWorkFlowTest"/>
  <testcase name="verifyMovingSalesReturnsToPosition" time="5.688" classname="com.focus.testcases.SmokeDesignWorkFlowTest"/>
  <testcase name="verifyMovingSalesOrderToPosition" time="3.488" classname="com.focus.testcases.SmokeDesignWorkFlowTest"/>
  <testcase name="checkOkBetweenBetweenSalesOrderAndSalesInvoices" time="3.694" classname="com.focus.testcases.SmokeDesignWorkFlowTest"/>
  <testcase name="checkEditingSavedPurchasesFlow" time="31.127" classname="com.focus.testcases.SmokeDesignWorkFlowTest"/>
  <testcase name="verifyMappingFromSalesQuotationsToSalesOrder" time="5.303" classname="com.focus.testcases.SmokeDesignWorkFlowTest"/>
  <testcase name="verifySelectingMRNfromVoucherlist" time="6.088" classname="com.focus.testcases.SmokeDesignWorkFlowTest"/>
  <testcase name="verifyOkButtonWithoutSelectionOfMandatoryFields" time="3.284" classname="com.focus.testcases.SmokeDesignWorkFlowTest"/>
  <testcase name="checkMovingPurchaseVoucherToPosition" time="5.471" classname="com.focus.testcases.SmokeDesignWorkFlowTest"/>
  <testcase name="checkSelectingQuantityinLinkValueOptionBetweenMRandPurchaseOrders" time="3.617" classname="com.focus.testcases.SmokeDesignWorkFlowTest"/>
  <testcase name="verifySelectingsalesInvoicesNfromVoucherlist" time="8.176" classname="com.focus.testcases.SmokeDesignWorkFlowTest"/>
  <testcase name="checkLinkBetweenExcessinStocksToStockTransfers" time="6.110" classname="com.focus.testcases.SmokeDesignWorkFlowTest"/>
  <testcase name="verifyInputWorkFlowName" time="4.455" classname="com.focus.testcases.SmokeDesignWorkFlowTest"/>
  <testcase name="checkLinkBetweenSalesQuotationsToExcessinStocks" time="6.787" classname="com.focus.testcases.SmokeDesignWorkFlowTest"/>
  <testcase name="checkSelectingQuantityinLinkValueOptionBetweenExcessinStocksAndStockTransfer" time="3.370" classname="com.focus.testcases.SmokeDesignWorkFlowTest"/>
  <testcase name="verifyPropertiesTabOptions" time="3.828" classname="com.focus.testcases.SmokeDesignWorkFlowTest"/>
  <testcase name="checkSelectingQuantityinLinkValueOptionBetweenPurchaseVoucherAndPurchaseReturns" time="5.243" classname="com.focus.testcases.SmokeDesignWorkFlowTest"/>
  <testcase name="verifySelectingExcessInStocksfromVoucherlist" time="5.733" classname="com.focus.testcases.SmokeDesignWorkFlowTest"/>
  <testcase name="checkMovingShortageinStocksToPosition" time="15.695" classname="com.focus.testcases.SmokeDesignWorkFlowTest"/>
  <testcase name="verifySelectingSalesOrdersfromVoucherlist" time="5.724" classname="com.focus.testcases.SmokeDesignWorkFlowTest"/>
  <testcase name="checkSelectingItemOptionBetweenSalesInvoicesAndSalesReturns" time="4.280" classname="com.focus.testcases.SmokeDesignWorkFlowTest"/>
  <testcase name="checkMappingFromSalesInvoiceToSalesReturns" time="5.297" classname="com.focus.testcases.SmokeDesignWorkFlowTest"/>
  <testcase name="verifyOptionsInLinkBetweenBaseAndLinkVouchers" time="3.471" classname="com.focus.testcases.SmokeDesignWorkFlowTest"/>
  <testcase name="checkMappingFromSalesInvoiceNToDeliveryNotes" time="5.184" classname="com.focus.testcases.SmokeDesignWorkFlowTest"/>
  <testcase name="verifyMovingExcessInStocksToPosition" time="5.452" classname="com.focus.testcases.SmokeDesignWorkFlowTest"/>
  <testcase name="checkSaveWorkflowAsSalesFlow" time="7.456" classname="com.focus.testcases.SmokeDesignWorkFlowTest"/>
  <testcase name="verifySelectingSalesReturnsfromVoucherlist" time="5.769" classname="com.focus.testcases.SmokeDesignWorkFlowTest"/>
  <testcase name="verifyWorkFlowOptions" time="4.067" classname="com.focus.testcases.SmokeDesignWorkFlowTest"/>
  <testcase name="checkInputingWorkflowNameAsPurchasesFlow" time="18.753" classname="com.focus.testcases.SmokeDesignWorkFlowTest"/>
  <testcase name="checkOkBetweenBetweenExcessinStockAndShortageinStocks" time="4.132" classname="com.focus.testcases.SmokeDesignWorkFlowTest"/>
  <testcase name="checkMappingBetweenMRNandPurchaseReturns" time="5.144" classname="com.focus.testcases.SmokeDesignWorkFlowTest"/>
  <testcase name="verifySelectingSalesInvoicesfromVoucherlist" time="6.544" classname="com.focus.testcases.SmokeDesignWorkFlowTest"/>
  <testcase name="checkSelectingItemOptionBetweenSalesOrderAndSalesInvoices" time="7.329" classname="com.focus.testcases.SmokeDesignWorkFlowTest"/>
  <testcase name="checkSelectingtheExtrafieldforoptionBasedonFields" time="4.894" classname="com.focus.testcases.SmokeDesignWorkFlowTest"/>
</testsuite> <!-- com.focus.testcases.SmokeDesignWorkFlowTest -->
