<?xml version="1.0" encoding="UTF-8"?>
<!-- Generated by org.testng.reporters.JUnitReportReporter -->
<testsuite hostname="FOCUS-QA-4" name="com.focus.testcases.InventoryReportsTest" tests="100" failures="5" timestamp="23 Jul 2021 16:17:59 GMT" time="1988.255" errors="0">
  <testcase name="checkStockStatementReportWithIncludeServiceTypeItem" time="6.964" classname="com.focus.testcases.InventoryReportsTest"/>
  <testcase name="checkOpeningStockRegisterReport" time="14.882" classname="com.focus.testcases.InventoryReportsTest">
    <failure type="java.lang.AssertionError" message="expected [true] but found [false]">
      <![CDATA[java.lang.AssertionError: expected [true] but found [false]
	at org.testng.Assert.fail(Assert.java:94)
	at org.testng.Assert.failNotEquals(Assert.java:513)
	at org.testng.Assert.assertEqualsImpl(Assert.java:135)
	at org.testng.Assert.assertEquals(Assert.java:116)
	at org.testng.Assert.assertEquals(Assert.java:305)
	at org.testng.Assert.assertEquals(Assert.java:315)
	at com.focus.testcases.InventoryReportsTest.checkOpeningStockRegisterReport(InventoryReportsTest.java:64)
	at sun.reflect.NativeMethodAccessorImpl.invoke0(Native Method)
	at sun.reflect.NativeMethodAccessorImpl.invoke(Unknown Source)
	at sun.reflect.DelegatingMethodAccessorImpl.invoke(Unknown Source)
	at java.lang.reflect.Method.invoke(Unknown Source)
	at org.testng.internal.MethodInvocationHelper.invokeMethod(MethodInvocationHelper.java:86)
	at org.testng.internal.Invoker.invokeMethod(Invoker.java:643)
	at org.testng.internal.Invoker.invokeTestMethod(Invoker.java:820)
	at org.testng.internal.Invoker.invokeTestMethods(Invoker.java:1128)
	at org.testng.internal.TestMethodWorker.invokeTestMethods(TestMethodWorker.java:129)
	at org.testng.internal.TestMethodWorker.run(TestMethodWorker.java:112)
	at org.testng.TestRunner.privateRun(TestRunner.java:782)
	at org.testng.TestRunner.run(TestRunner.java:632)
	at org.testng.SuiteRunner.runTest(SuiteRunner.java:366)
	at org.testng.SuiteRunner.runSequentially(SuiteRunner.java:361)
	at org.testng.SuiteRunner.privateRun(SuiteRunner.java:319)
	at org.testng.SuiteRunner.run(SuiteRunner.java:268)
	at org.testng.SuiteRunnerWorker.runSuite(SuiteRunnerWorker.java:52)
	at org.testng.SuiteRunnerWorker.run(SuiteRunnerWorker.java:86)
	at org.testng.TestNG.runSuitesSequentially(TestNG.java:1244)
	at org.testng.TestNG.runSuitesLocally(TestNG.java:1169)
	at org.testng.TestNG.run(TestNG.java:1064)
	at org.testng.remote.AbstractRemoteTestNG.run(AbstractRemoteTestNG.java:114)
	at org.testng.remote.RemoteTestNG.initAndRun(RemoteTestNG.java:251)
	at org.testng.remote.RemoteTestNG.main(RemoteTestNG.java:77)
]]>
    </failure>
  </testcase> <!-- checkOpeningStockRegisterReport -->
  <testcase name="checkStockMovementReportWithFilterOption" time="35.794" classname="com.focus.testcases.InventoryReportsTest"/>
  <testcase name="checkStockAnalysisByBatchReportWithStockTypeGoodBatches" time="3.705" classname="com.focus.testcases.InventoryReportsTest"/>
  <testcase name="checkBestSellingItemReportWithSortingOnAndIncludeAllVouchersChkBox" time="4.810" classname="com.focus.testcases.InventoryReportsTest"/>
  <testcase name="checkStockReportbyTagReports" time="18.972" classname="com.focus.testcases.InventoryReportsTest"/>
  <testcase name="checkLoginWithSU" time="12.252" classname="com.focus.testcases.InventoryReportsTest"/>
  <testcase name="checkTransactionTypeWiseStockReportBackTrackOption" time="23.198" classname="com.focus.testcases.InventoryReportsTest"/>
  <testcase name="checkStockDetailsByBinsReportBackTrackOption" time="23.087" classname="com.focus.testcases.InventoryReportsTest"/>
  <testcase name="checkAgeingAnalysisByBinReportWithWarehouseAndIgnoreInternalTransferForAgeingOptions" time="7.119" classname="com.focus.testcases.InventoryReportsTest"/>
  <testcase name="checkAgeingAnalysisByBatchReportWithWarehouseAndIgnoreInternalTransferForAgeingOptions" time="10.990" classname="com.focus.testcases.InventoryReportsTest"/>
  <testcase name="checkStockAnalysisByBatchReportFilterOption" time="36.530" classname="com.focus.testcases.InventoryReportsTest"/>
  <testcase name="checkStockReservationRegisterReportBackTrackOption" time="9.589" classname="com.focus.testcases.InventoryReportsTest"/>
  <testcase name="checkStockMovementReportBackTrackOption" time="25.214" classname="com.focus.testcases.InventoryReportsTest"/>
  <testcase name="checkActualConsumptionReportWithFilterOption" time="37.013" classname="com.focus.testcases.InventoryReportsTest"/>
  <testcase name="checkStockAgeingAnalysisReportFilterOption" time="40.640" classname="com.focus.testcases.InventoryReportsTest"/>
  <testcase name="checkItemQueryReport" time="29.402" classname="com.focus.testcases.InventoryReportsTest">
    <failure type="java.lang.AssertionError" message="expected [true] but found [false]">
      <![CDATA[java.lang.AssertionError: expected [true] but found [false]
	at org.testng.Assert.fail(Assert.java:94)
	at org.testng.Assert.failNotEquals(Assert.java:513)
	at org.testng.Assert.assertEqualsImpl(Assert.java:135)
	at org.testng.Assert.assertEquals(Assert.java:116)
	at org.testng.Assert.assertEquals(Assert.java:305)
	at org.testng.Assert.assertEquals(Assert.java:315)
	at com.focus.testcases.InventoryReportsTest.checkItemQueryReport(InventoryReportsTest.java:23)
	at sun.reflect.NativeMethodAccessorImpl.invoke0(Native Method)
	at sun.reflect.NativeMethodAccessorImpl.invoke(Unknown Source)
	at sun.reflect.DelegatingMethodAccessorImpl.invoke(Unknown Source)
	at java.lang.reflect.Method.invoke(Unknown Source)
	at org.testng.internal.MethodInvocationHelper.invokeMethod(MethodInvocationHelper.java:86)
	at org.testng.internal.Invoker.invokeMethod(Invoker.java:643)
	at org.testng.internal.Invoker.invokeTestMethod(Invoker.java:820)
	at org.testng.internal.Invoker.invokeTestMethods(Invoker.java:1128)
	at org.testng.internal.TestMethodWorker.invokeTestMethods(TestMethodWorker.java:129)
	at org.testng.internal.TestMethodWorker.run(TestMethodWorker.java:112)
	at org.testng.TestRunner.privateRun(TestRunner.java:782)
	at org.testng.TestRunner.run(TestRunner.java:632)
	at org.testng.SuiteRunner.runTest(SuiteRunner.java:366)
	at org.testng.SuiteRunner.runSequentially(SuiteRunner.java:361)
	at org.testng.SuiteRunner.privateRun(SuiteRunner.java:319)
	at org.testng.SuiteRunner.run(SuiteRunner.java:268)
	at org.testng.SuiteRunnerWorker.runSuite(SuiteRunnerWorker.java:52)
	at org.testng.SuiteRunnerWorker.run(SuiteRunnerWorker.java:86)
	at org.testng.TestNG.runSuitesSequentially(TestNG.java:1244)
	at org.testng.TestNG.runSuitesLocally(TestNG.java:1169)
	at org.testng.TestNG.run(TestNG.java:1064)
	at org.testng.remote.AbstractRemoteTestNG.run(AbstractRemoteTestNG.java:114)
	at org.testng.remote.RemoteTestNG.initAndRun(RemoteTestNG.java:251)
	at org.testng.remote.RemoteTestNG.main(RemoteTestNG.java:77)
]]>
    </failure>
  </testcase> <!-- checkItemQueryReport -->
  <testcase name="checkPeakAndLowBalancesReportBackTrackOption" time="21.367" classname="com.focus.testcases.InventoryReportsTest"/>
  <testcase name="checkStockValuationReportBackTrackOption" time="20.784" classname="com.focus.testcases.InventoryReportsTest"/>
  <testcase name="checkStockTransferRegisterReportBackTrackOption" time="22.824" classname="com.focus.testcases.InventoryReportsTest"/>
  <testcase name="checkVirtualStockAnalysisReportBackTrackOption" time="21.433" classname="com.focus.testcases.InventoryReportsTest"/>
  <testcase name="checkStockValuationReports" time="14.857" classname="com.focus.testcases.InventoryReportsTest"/>
  <testcase name="checkStockReservationRegisterReport" time="19.636" classname="com.focus.testcases.InventoryReportsTest"/>
  <testcase name="checkStockAgeingAnalysisReportWithOptions" time="11.202" classname="com.focus.testcases.InventoryReportsTest"/>
  <testcase name="checkAgeingByItemByBinsReports" time="21.041" classname="com.focus.testcases.InventoryReportsTest"/>
  <testcase name="checkBestSellingItemReport" time="11.947" classname="com.focus.testcases.InventoryReportsTest"/>
  <testcase name="checkVirtualStockAnalysisReports" time="14.178" classname="com.focus.testcases.InventoryReportsTest"/>
  <testcase name="checkAgeingAnalysisByRMAReportWithWarehouseAndIgnoreInternalTransferForAgeingOptions" time="5.113" classname="com.focus.testcases.InventoryReportsTest"/>
  <testcase name="checkStockTransferRegisterReportPrintOption" time="5.818" classname="com.focus.testcases.InventoryReportsTest"/>
  <testcase name="checkStockReportbyTagReportsWithUserForItemRestriction" time="17.106" classname="com.focus.testcases.InventoryReportsTest"/>
  <testcase name="checkAgeingAnalysisByRMAReportBackTrackOption" time="30.152" classname="com.focus.testcases.InventoryReportsTest"/>
  <testcase name="checkExpiredStockByBinsReports" time="17.982" classname="com.focus.testcases.InventoryReportsTest"/>
  <testcase name="checkExpiredStockByBinsReportCustomizationOption" time="16.145" classname="com.focus.testcases.InventoryReportsTest"/>
  <testcase name="checkStockBalanaceByBinsReportBackTrackOption" time="20.635" classname="com.focus.testcases.InventoryReportsTest"/>
  <testcase name="checkStockBalanaceByBinsReports" time="19.281" classname="com.focus.testcases.InventoryReportsTest"/>
  <testcase name="checkStockAnalysisByRmaReportsPrintOption" time="5.483" classname="com.focus.testcases.InventoryReportsTest"/>
  <testcase name="checkOpeningStockRegisterReportBackTrackOption" time="9.766" classname="com.focus.testcases.InventoryReportsTest"/>
  <testcase name="checkAgeingStockByBinsReports" time="22.822" classname="com.focus.testcases.InventoryReportsTest"/>
  <testcase name="checkActualConsumptionReport" time="18.118" classname="com.focus.testcases.InventoryReportsTest"/>
  <testcase name="checkVirtualStockAnalysisReportWithIncludeServiceTypeItemOption" time="4.572" classname="com.focus.testcases.InventoryReportsTest"/>
  <testcase name="checkStockMovementReportsWithStockMovementByWarehouseAndIncludeServiceTypeItemOptions" time="11.323" classname="com.focus.testcases.InventoryReportsTest"/>
  <testcase name="checkABCAnalysisReportWithClassificationAndCriteriaOptions" time="4.912" classname="com.focus.testcases.InventoryReportsTest">
    <failure type="java.lang.AssertionError" message="expected [true] but found [false]">
      <![CDATA[java.lang.AssertionError: expected [true] but found [false]
	at org.testng.Assert.fail(Assert.java:94)
	at org.testng.Assert.failNotEquals(Assert.java:513)
	at org.testng.Assert.assertEqualsImpl(Assert.java:135)
	at org.testng.Assert.assertEquals(Assert.java:116)
	at org.testng.Assert.assertEquals(Assert.java:305)
	at org.testng.Assert.assertEquals(Assert.java:315)
	at com.focus.testcases.InventoryReportsTest.checkABCAnalysisReportWithClassificationAndCriteriaOptions(InventoryReportsTest.java:274)
	at sun.reflect.NativeMethodAccessorImpl.invoke0(Native Method)
	at sun.reflect.NativeMethodAccessorImpl.invoke(Unknown Source)
	at sun.reflect.DelegatingMethodAccessorImpl.invoke(Unknown Source)
	at java.lang.reflect.Method.invoke(Unknown Source)
	at org.testng.internal.MethodInvocationHelper.invokeMethod(MethodInvocationHelper.java:86)
	at org.testng.internal.Invoker.invokeMethod(Invoker.java:643)
	at org.testng.internal.Invoker.invokeTestMethod(Invoker.java:820)
	at org.testng.internal.Invoker.invokeTestMethods(Invoker.java:1128)
	at org.testng.internal.TestMethodWorker.invokeTestMethods(TestMethodWorker.java:129)
	at org.testng.internal.TestMethodWorker.run(TestMethodWorker.java:112)
	at org.testng.TestRunner.privateRun(TestRunner.java:782)
	at org.testng.TestRunner.run(TestRunner.java:632)
	at org.testng.SuiteRunner.runTest(SuiteRunner.java:366)
	at org.testng.SuiteRunner.runSequentially(SuiteRunner.java:361)
	at org.testng.SuiteRunner.privateRun(SuiteRunner.java:319)
	at org.testng.SuiteRunner.run(SuiteRunner.java:268)
	at org.testng.SuiteRunnerWorker.runSuite(SuiteRunnerWorker.java:52)
	at org.testng.SuiteRunnerWorker.run(SuiteRunnerWorker.java:86)
	at org.testng.TestNG.runSuitesSequentially(TestNG.java:1244)
	at org.testng.TestNG.runSuitesLocally(TestNG.java:1169)
	at org.testng.TestNG.run(TestNG.java:1064)
	at org.testng.remote.AbstractRemoteTestNG.run(AbstractRemoteTestNG.java:114)
	at org.testng.remote.RemoteTestNG.initAndRun(RemoteTestNG.java:251)
	at org.testng.remote.RemoteTestNG.main(RemoteTestNG.java:77)
]]>
    </failure>
  </testcase> <!-- checkABCAnalysisReportWithClassificationAndCriteriaOptions -->
  <testcase name="checkLoginWithUserForItemRestriction" time="12.291" classname="com.focus.testcases.InventoryReportsTest"/>
  <testcase name="checkAgeingAnalysisByBinReportBackTrackOption" time="29.109" classname="com.focus.testcases.InventoryReportsTest"/>
  <testcase name="checkABCAnalysisReports" time="14.690" classname="com.focus.testcases.InventoryReportsTest"/>
  <testcase name="checkAgeingByItemByBinReportWithWarehouseAndIgnoreInternalTransferForAgeingOptions" time="7.107" classname="com.focus.testcases.InventoryReportsTest"/>
  <testcase name="checkFastMovingItemsReportBackTrackOption" time="21.408" classname="com.focus.testcases.InventoryReportsTest"/>
  <testcase name="checkStockAnalysisByRmaReports" time="27.933" classname="com.focus.testcases.InventoryReportsTest"/>
  <testcase name="checkStockDetailsByBinsReports" time="13.198" classname="com.focus.testcases.InventoryReportsTest"/>
  <testcase name="checkTransactionTypeWiseStockReport" time="22.082" classname="com.focus.testcases.InventoryReportsTest"/>
  <testcase name="checkPeakAndLowBalancesReportWithFilterOption" time="35.251" classname="com.focus.testcases.InventoryReportsTest">
    <failure type="java.lang.AssertionError" message="expected [true] but found [false]">
      <![CDATA[java.lang.AssertionError: expected [true] but found [false]
	at org.testng.Assert.fail(Assert.java:94)
	at org.testng.Assert.failNotEquals(Assert.java:513)
	at org.testng.Assert.assertEqualsImpl(Assert.java:135)
	at org.testng.Assert.assertEquals(Assert.java:116)
	at org.testng.Assert.assertEquals(Assert.java:305)
	at org.testng.Assert.assertEquals(Assert.java:315)
	at com.focus.testcases.InventoryReportsTest.checkPeakAndLowBalancesReportWithFilterOption(InventoryReportsTest.java:702)
	at sun.reflect.NativeMethodAccessorImpl.invoke0(Native Method)
	at sun.reflect.NativeMethodAccessorImpl.invoke(Unknown Source)
	at sun.reflect.DelegatingMethodAccessorImpl.invoke(Unknown Source)
	at java.lang.reflect.Method.invoke(Unknown Source)
	at org.testng.internal.MethodInvocationHelper.invokeMethod(MethodInvocationHelper.java:86)
	at org.testng.internal.Invoker.invokeMethod(Invoker.java:643)
	at org.testng.internal.Invoker.invokeTestMethod(Invoker.java:820)
	at org.testng.internal.Invoker.invokeTestMethods(Invoker.java:1128)
	at org.testng.internal.TestMethodWorker.invokeTestMethods(TestMethodWorker.java:129)
	at org.testng.internal.TestMethodWorker.run(TestMethodWorker.java:112)
	at org.testng.TestRunner.privateRun(TestRunner.java:782)
	at org.testng.TestRunner.run(TestRunner.java:632)
	at org.testng.SuiteRunner.runTest(SuiteRunner.java:366)
	at org.testng.SuiteRunner.runSequentially(SuiteRunner.java:361)
	at org.testng.SuiteRunner.privateRun(SuiteRunner.java:319)
	at org.testng.SuiteRunner.run(SuiteRunner.java:268)
	at org.testng.SuiteRunnerWorker.runSuite(SuiteRunnerWorker.java:52)
	at org.testng.SuiteRunnerWorker.run(SuiteRunnerWorker.java:86)
	at org.testng.TestNG.runSuitesSequentially(TestNG.java:1244)
	at org.testng.TestNG.runSuitesLocally(TestNG.java:1169)
	at org.testng.TestNG.run(TestNG.java:1064)
	at org.testng.remote.AbstractRemoteTestNG.run(AbstractRemoteTestNG.java:114)
	at org.testng.remote.RemoteTestNG.initAndRun(RemoteTestNG.java:251)
	at org.testng.remote.RemoteTestNG.main(RemoteTestNG.java:77)
]]>
    </failure>
  </testcase> <!-- checkPeakAndLowBalancesReportWithFilterOption -->
  <testcase name="checkFastMovingItemsReport" time="15.060" classname="com.focus.testcases.InventoryReportsTest"/>
  <testcase name="checkStockBalancesByItemByBinsReportPrintOption" time="6.162" classname="com.focus.testcases.InventoryReportsTest"/>
  <testcase name="checkStockLedgerReportWithMovedItemsOnlyAndIncludeServiceTypeItemsCheckBoxs" time="11.016" classname="com.focus.testcases.InventoryReportsTest"/>
  <testcase name="checkAgeingAnalysisByRMAReport" time="85.889" classname="com.focus.testcases.InventoryReportsTest"/>
  <testcase name="checkStockStatementReportPrintOption" time="5.845" classname="com.focus.testcases.InventoryReportsTest"/>
  <testcase name="checkStockByItemByBinReportWithFilterOption" time="36.686" classname="com.focus.testcases.InventoryReportsTest"/>
  <testcase name="checkStockAnalysisByBinReportWithFilterOption" time="36.674" classname="com.focus.testcases.InventoryReportsTest"/>
  <testcase name="checkReorderReportPrintOption" time="1.356" classname="com.focus.testcases.InventoryReportsTest"/>
  <testcase name="checkStockStatementReport" time="15.235" classname="com.focus.testcases.InventoryReportsTest"/>
  <testcase name="checkSlowMovingItemsReportWithFilterOption" time="35.417" classname="com.focus.testcases.InventoryReportsTest"/>
  <testcase name="checkStockAnalysisByBatchReportPrintOption" time="5.855" classname="com.focus.testcases.InventoryReportsTest"/>
  <testcase name="checkStockTransferRegisterReport" time="17.867" classname="com.focus.testcases.InventoryReportsTest"/>
  <testcase name="checkStockLedgerReportBackTrackOption" time="10.386" classname="com.focus.testcases.InventoryReportsTest"/>
  <testcase name="checkAgeingAnalysisByRMAReportWithFilterOption" time="36.662" classname="com.focus.testcases.InventoryReportsTest"/>
  <testcase name="checkSlowMovingItemsReportBackTrackOption" time="21.398" classname="com.focus.testcases.InventoryReportsTest"/>
  <testcase name="checkReorderReports" time="11.084" classname="com.focus.testcases.InventoryReportsTest"/>
  <testcase name="checkStockAnalysisByBatchReportBackTrackOption" time="20.567" classname="com.focus.testcases.InventoryReportsTest"/>
  <testcase name="checkOpeningStockRegisterReportFilterOption" time="38.358" classname="com.focus.testcases.InventoryReportsTest"/>
  <testcase name="checkMultiLevelStockMovementReports" time="17.104" classname="com.focus.testcases.InventoryReportsTest"/>
  <testcase name="checkSlowMovingItemsReport" time="15.202" classname="com.focus.testcases.InventoryReportsTest"/>
  <testcase name="checkPeakAndLowBalancesReport" time="13.441" classname="com.focus.testcases.InventoryReportsTest"/>
  <testcase name="checkStockValuationCustomizationReport" time="34.135" classname="com.focus.testcases.InventoryReportsTest"/>
  <testcase name="checkStockDetailsByBinsReportFilterOption" time="36.015" classname="com.focus.testcases.InventoryReportsTest"/>
  <testcase name="checkStockLedgerReport" time="13.613" classname="com.focus.testcases.InventoryReportsTest"/>
  <testcase name="checkStockAgeingAnalysisReports" time="17.357" classname="com.focus.testcases.InventoryReportsTest"/>
  <testcase name="checkStockBalanaceByBinsReportFilterOption" time="34.093" classname="com.focus.testcases.InventoryReportsTest"/>
  <testcase name="checkStockAgeingAnalysisReportWithBackTrackOptions" time="22.477" classname="com.focus.testcases.InventoryReportsTest"/>
  <testcase name="checkStockReservationRegisterReportWithFilterOption" time="39.228" classname="com.focus.testcases.InventoryReportsTest"/>
  <testcase name="checkMultiLevelStockMovementReportFilterOption" time="36.079" classname="com.focus.testcases.InventoryReportsTest">
    <failure type="java.lang.AssertionError" message="expected [true] but found [false]">
      <![CDATA[java.lang.AssertionError: expected [true] but found [false]
	at org.testng.Assert.fail(Assert.java:94)
	at org.testng.Assert.failNotEquals(Assert.java:513)
	at org.testng.Assert.assertEqualsImpl(Assert.java:135)
	at org.testng.Assert.assertEquals(Assert.java:116)
	at org.testng.Assert.assertEquals(Assert.java:305)
	at org.testng.Assert.assertEquals(Assert.java:315)
	at com.focus.testcases.InventoryReportsTest.checkMultiLevelStockMovementReportFilterOption(InventoryReportsTest.java:157)
	at sun.reflect.NativeMethodAccessorImpl.invoke0(Native Method)
	at sun.reflect.NativeMethodAccessorImpl.invoke(Unknown Source)
	at sun.reflect.DelegatingMethodAccessorImpl.invoke(Unknown Source)
	at java.lang.reflect.Method.invoke(Unknown Source)
	at org.testng.internal.MethodInvocationHelper.invokeMethod(MethodInvocationHelper.java:86)
	at org.testng.internal.Invoker.invokeMethod(Invoker.java:643)
	at org.testng.internal.Invoker.invokeTestMethod(Invoker.java:820)
	at org.testng.internal.Invoker.invokeTestMethods(Invoker.java:1128)
	at org.testng.internal.TestMethodWorker.invokeTestMethods(TestMethodWorker.java:129)
	at org.testng.internal.TestMethodWorker.run(TestMethodWorker.java:112)
	at org.testng.TestRunner.privateRun(TestRunner.java:782)
	at org.testng.TestRunner.run(TestRunner.java:632)
	at org.testng.SuiteRunner.runTest(SuiteRunner.java:366)
	at org.testng.SuiteRunner.runSequentially(SuiteRunner.java:361)
	at org.testng.SuiteRunner.privateRun(SuiteRunner.java:319)
	at org.testng.SuiteRunner.run(SuiteRunner.java:268)
	at org.testng.SuiteRunnerWorker.runSuite(SuiteRunnerWorker.java:52)
	at org.testng.SuiteRunnerWorker.run(SuiteRunnerWorker.java:86)
	at org.testng.TestNG.runSuitesSequentially(TestNG.java:1244)
	at org.testng.TestNG.runSuitesLocally(TestNG.java:1169)
	at org.testng.TestNG.run(TestNG.java:1064)
	at org.testng.remote.AbstractRemoteTestNG.run(AbstractRemoteTestNG.java:114)
	at org.testng.remote.RemoteTestNG.initAndRun(RemoteTestNG.java:251)
	at org.testng.remote.RemoteTestNG.main(RemoteTestNG.java:77)
]]>
    </failure>
  </testcase> <!-- checkMultiLevelStockMovementReportFilterOption -->
  <testcase name="checkAgeingAnalysisByBatchReportBackTrackOption" time="24.642" classname="com.focus.testcases.InventoryReportsTest"/>
  <testcase name="checkStockMovementReports" time="15.735" classname="com.focus.testcases.InventoryReportsTest"/>
  <testcase name="checkMultiLevelStockMovementReportWithIncludeServiceTypeItemOption" time="6.159" classname="com.focus.testcases.InventoryReportsTest"/>
  <testcase name="checkStockBalancesByItemByBinsReports" time="19.424" classname="com.focus.testcases.InventoryReportsTest"/>
  <testcase name="checkStockReportbyTagReportBackTrackOption" time="21.155" classname="com.focus.testcases.InventoryReportsTest"/>
  <testcase name="checkActualConsumptionReportBackTrackOption" time="23.188" classname="com.focus.testcases.InventoryReportsTest"/>
  <testcase name="checkStockTransferRegisterReportWithFromAndToWarehouseAndDetailsOptions" time="13.354" classname="com.focus.testcases.InventoryReportsTest"/>
  <testcase name="checkStockAnalysisByBatchReport" time="12.720" classname="com.focus.testcases.InventoryReportsTest"/>
  <testcase name="checkStockLedgerCustomizationReport" time="28.558" classname="com.focus.testcases.InventoryReportsTest"/>
  <testcase name="checkStockBalanceByWarehouseReports" time="12.770" classname="com.focus.testcases.InventoryReportsTest"/>
  <testcase name="checkStockBalanceByWarehouseReportBackTrackOption" time="23.675" classname="com.focus.testcases.InventoryReportsTest"/>
  <testcase name="checkFastMovingItemsReportWithFilterOption" time="39.320" classname="com.focus.testcases.InventoryReportsTest"/>
  <testcase name="checkBestSellingItemReportBackTrackOption" time="18.493" classname="com.focus.testcases.InventoryReportsTest"/>
  <testcase name="checkMultiLevelStockMovementReportBackTrackOption" time="18.935" classname="com.focus.testcases.InventoryReportsTest"/>
  <testcase name="checkStockValuationReportWithStockValuationDisplayLinearReportIncludeServiceTypeItemOption" time="5.242" classname="com.focus.testcases.InventoryReportsTest"/>
  <testcase name="checkStockReportbyTagReportPrintOption" time="5.544" classname="com.focus.testcases.InventoryReportsTest"/>
  <testcase name="checkTransactionTypeWiseStockReportWithFilterOption" time="41.025" classname="com.focus.testcases.InventoryReportsTest"/>
  <testcase name="checkAgeingByItemByBinReportBackTrackOption" time="29.184" classname="com.focus.testcases.InventoryReportsTest"/>
  <testcase name="checkStockBalanceByWarehouseReportIncludeServiceTypeItemOption" time="5.093" classname="com.focus.testcases.InventoryReportsTest"/>
  <testcase name="checkAgeingAnalysisByBatchReports" time="22.051" classname="com.focus.testcases.InventoryReportsTest"/>
</testsuite> <!-- com.focus.testcases.InventoryReportsTest -->
