<?xml version="1.0" encoding="UTF-8"?>
<!-- Generated by org.testng.reporters.JUnitReportReporter -->
<testsuite hostname="FOCUS-QA-4" name="com.focus.testcases.SellerPriceBookTest" tests="6" failures="0" timestamp="23 Jul 2021 12:36:07 GMT" time="120.658" errors="0">
  <testcase name="checkExportingSellerPriceBook" time="14.187" classname="com.focus.testcases.SellerPriceBookTest"/>
  <testcase name="checkDeletingSellerPriceBook" time="8.931" classname="com.focus.testcases.SellerPriceBookTest"/>
  <testcase name="checkSavingSellerPriceBook" time="18.418" classname="com.focus.testcases.SellerPriceBookTest"/>
  <testcase name="checkCopyPasteAndSavingSellerPriceBook" time="12.644" classname="com.focus.testcases.SellerPriceBookTest"/>
  <testcase name="checkImportingSellerPriceBook" time="58.824" classname="com.focus.testcases.SellerPriceBookTest"/>
  <testcase name="checkUpdatingSellerPriceBook" time="7.654" classname="com.focus.testcases.SellerPriceBookTest"/>
</testsuite> <!-- com.focus.testcases.SellerPriceBookTest -->
