<?xml version="1.0" encoding="UTF-8"?>
<!-- Generated by org.testng.reporters.JUnitReportReporter -->
<testsuite hostname="FOCUS-QA-4" name="com.focus.testcases.JVVATViewTest" tests="5" failures="0" timestamp="23 Jul 2021 15:20:09 GMT" time="96.317" errors="0">
  <testcase name="checkSavingJVVATVocher2" time="26.037" classname="com.focus.testcases.JVVATViewTest"/>
  <testcase name="checkDeletingJVVATViewVoucher2" time="3.890" classname="com.focus.testcases.JVVATViewTest"/>
  <testcase name="checkVerifingDetailsOfSavedJVVATViewVoucherInHomepage" time="3.456" classname="com.focus.testcases.JVVATViewTest"/>
  <testcase name="checkSavingJVVATVocher1" time="50.168" classname="com.focus.testcases.JVVATViewTest"/>
  <testcase name="checkEditingJVVATVocher1" time="12.766" classname="com.focus.testcases.JVVATViewTest"/>
</testsuite> <!-- com.focus.testcases.JVVATViewTest -->
