<?xml version="1.0" encoding="UTF-8"?>
<!-- Generated by org.testng.reporters.JUnitReportReporter -->
<testsuite hostname="FOCUS-QA-133" failures="0" tests="1" name="com.focus.testcases.AddStockItemTest" time="87.059" errors="0" timestamp="5 Aug 2021 12:42:34 GMT">
  <testcase classname="com.focus.testcases.AddStockItemTest" name="checkAddStockItem" time="87.059"/>
</testsuite> <!-- com.focus.testcases.AddStockItemTest -->
