<?xml version="1.0" encoding="UTF-8"?>
<!-- Generated by org.testng.reporters.JUnitReportReporter -->
<testsuite hostname="FOCUS-QA-133" failures="0" tests="1" name="com.focus.testcases.PurchasesVocherTest" time="14.325" errors="0" timestamp="5 Aug 2021 08:36:41 GMT">
  <testcase classname="com.focus.testcases.PurchasesVocherTest" name="checkPurchaseVocherHomeDisplay" time="14.325"/>
</testsuite> <!-- com.focus.testcases.PurchasesVocherTest -->
