<?xml version="1.0" encoding="UTF-8"?>
<!-- Generated by org.testng.reporters.JUnitReportReporter -->
<testsuite hostname="FOCUS-QA-4" name="com.focus.testcases.BinsTest" tests="5" failures="0" timestamp="23 Jul 2021 12:36:07 GMT" time="23.077" errors="0">
  <testcase name="checkBinsMasterInMasterMenu" time="8.159" classname="com.focus.testcases.BinsTest"/>
  <testcase name="checkEditingInSavedBinsINBinsMaster" time="3.091" classname="com.focus.testcases.BinsTest"/>
  <testcase name="checkSavingBinsInBinsMaster" time="4.434" classname="com.focus.testcases.BinsTest"/>
  <testcase name="checkUpdatedBinsMasterDisplayInBins" time="0.272" classname="com.focus.testcases.BinsTest"/>
  <testcase name="checkDeleteInBinsInBinsMaster" time="7.121" classname="com.focus.testcases.BinsTest"/>
</testsuite> <!-- com.focus.testcases.BinsTest -->
