<?xml version="1.0" encoding="UTF-8"?>
<!-- Generated by org.testng.reporters.JUnitReportReporter -->
<testsuite hostname="FOCUS-QA-4" name="com.focus.testcases.StandardRateTest" tests="3" failures="0" timestamp="23 Jul 2021 12:36:07 GMT" time="17.417" errors="0">
  <testcase name="checkEditingStandardRate" time="1.019" classname="com.focus.testcases.StandardRateTest"/>
  <testcase name="checkStandardRateDeleteOption" time="15.862" classname="com.focus.testcases.StandardRateTest"/>
  <testcase name="checkSavingStandardRate" time="0.536" classname="com.focus.testcases.StandardRateTest"/>
</testsuite> <!-- com.focus.testcases.StandardRateTest -->
