<?xml version="1.0" encoding="UTF-8"?>
<!-- Generated by org.testng.reporters.JUnitReportReporter -->
<testsuite hostname="FOCUS-QA-133" failures="0" tests="1" name="com.focus.testcases.AddBatchItemTest" time="115.246" errors="0" timestamp="6 Aug 2021 04:57:56 GMT">
  <testcase classname="com.focus.testcases.AddBatchItemTest" name="checkBatchStockItem" time="115.246"/>
</testsuite> <!-- com.focus.testcases.AddBatchItemTest -->
