<?xml version="1.0" encoding="UTF-8"?>
<!-- Generated by org.testng.reporters.JUnitReportReporter -->
<testsuite hostname="FOCUS-QA-133" failures="0" tests="2" name="com.focus.testcases.SalesInvoiceVatTest" time="36.974" errors="0" timestamp="6 Aug 2021 07:20:24 GMT">
  <testcase classname="com.focus.testcases.SalesInvoiceVatTest" name="checkSalesIvoiceVatItem" time="31.731"/>
  <testcase classname="com.focus.testcases.SalesInvoiceVatTest" name="checkSalesInvoiceVocherVat2" time="5.243"/>
</testsuite> <!-- com.focus.testcases.SalesInvoiceVatTest -->
