<?xml version="1.0" encoding="UTF-8"?>
<!-- Generated by org.testng.reporters.JUnitReportReporter -->
<testsuite hostname="FOCUS-QA-11" name="com.focus.testcases.PointOfSalesTest" tests="10" failures="0" timestamp="21 Oct 2020 04:45:26 GMT" time="596.814" errors="0">
  <testcase name="checkDiscountDefintionseMenuInMasters" time="9.381" classname="com.focus.testcases.PointOfSalesTest"/>
  <testcase name="checkSavedPaymentDiscountOnBillAndUpdateIt" time="15.706" classname="com.focus.testcases.PointOfSalesTest"/>
  <testcase name="checkSavedPaymentDiscountOnItemAndUpdateIt" time="15.823" classname="com.focus.testcases.PointOfSalesTest"/>
  <testcase name="checkSavingPaymentDiscountToDelete" time="51.023" classname="com.focus.testcases.PointOfSalesTest"/>
  <testcase name="checkUpdatedPaymentDiscountOnBillAndCheckClearOption" time="9.034" classname="com.focus.testcases.PointOfSalesTest"/>
  <testcase name="checkSavingPaymentDiscountWithDifferentDiscountTypesOnItem" time="236.084" classname="com.focus.testcases.PointOfSalesTest"/>
  <testcase name="checkDeletingPaymentDiscountToDeleteAndClose" time="19.572" classname="com.focus.testcases.PointOfSalesTest"/>
  <testcase name="checkPaymentDiscountHomePageOptions" time="8.221" classname="com.focus.testcases.PointOfSalesTest"/>
  <testcase name="checkUpdatedPaymentDiscountOnItemAndCheckClearOption" time="9.119" classname="com.focus.testcases.PointOfSalesTest"/>
  <testcase name="checkSavingPaymentDiscountWithDifferentDiscountTypesOnBill" time="222.851" classname="com.focus.testcases.PointOfSalesTest"/>
</testsuite> <!-- com.focus.testcases.PointOfSalesTest -->
