<?xml version="1.0" encoding="UTF-8"?>
<!-- Generated by org.testng.reporters.JUnitReportReporter -->
<testsuite hostname="FOCUS-QA-133" failures="0" tests="1" name="com.focus.testcases.PurchaseVocherVatTest" time="17.194" errors="0" timestamp="5 Aug 2021 08:33:44 GMT">
  <testcase classname="com.focus.testcases.PurchaseVocherVatTest" name="checkPurchaseVocherHomeDisplay" time="17.194"/>
</testsuite> <!-- com.focus.testcases.PurchaseVocherVatTest -->
