<?xml version="1.0" encoding="UTF-8"?>
<!-- Generated by org.testng.reporters.JUnitReportReporter -->
<testsuite hostname="FOCUS-QA-4" name="com.focus.testcases.CurrencyTest" tests="3" failures="0" timestamp="23 Jul 2021 12:36:07 GMT" time="25.581" errors="0">
  <testcase name="checkUpdatingISOCurrencyCodeSLLCoinName" time="6.054" classname="com.focus.testcases.CurrencyTest"/>
  <testcase name="checkOpenCurrencyMenu" time="15.684" classname="com.focus.testcases.CurrencyTest"/>
  <testcase name="checkUpdatingAgainISOCurrencyCodeSLLCoinName" time="3.843" classname="com.focus.testcases.CurrencyTest"/>
</testsuite> <!-- com.focus.testcases.CurrencyTest -->
