<?xml version="1.0" encoding="UTF-8"?>
<!-- Generated by org.testng.reporters.JUnitReportReporter -->
<testsuite hostname="FOCUS-QA-4" name="com.focus.testcases.TransactionAuthorizationTest" tests="3" failures="0" timestamp="23 Jul 2021 12:36:07 GMT" time="76.285" errors="0">
  <testcase name="checkEditingTransactionAuthorizationInPurchaseReturns" time="29.717" classname="com.focus.testcases.TransactionAuthorizationTest"/>
  <testcase name="checkDeletingTransactionAuthorizationInPurchaseReturns" time="12.788" classname="com.focus.testcases.TransactionAuthorizationTest"/>
  <testcase name="checkSavingTransactionAuthorizationInPurchaseReturns" time="33.780" classname="com.focus.testcases.TransactionAuthorizationTest"/>
</testsuite> <!-- com.focus.testcases.TransactionAuthorizationTest -->
