<?xml version="1.0" encoding="UTF-8"?>
<!-- Generated by org.testng.reporters.JUnitReportReporter -->
<testsuite hostname="FOCUS-QA-133" failures="0" tests="9" name="com.focus.testcases.AddSalesVocherTest" time="109.397" errors="0" timestamp="9 Aug 2021 06:45:28 GMT">
  <testcase classname="com.focus.testcases.AddSalesVocherTest" name="checkSalesVocher4" time="42.909"/>
  <testcase classname="com.focus.testcases.AddSalesVocherTest" name="checkSalesVocher2" time="3.327"/>
  <testcase classname="com.focus.testcases.AddSalesVocherTest" name="checkSalesVocher6" time="0.946"/>
  <testcase classname="com.focus.testcases.AddSalesVocherTest" name="checkSalesVocher1" time="27.167"/>
  <testcase classname="com.focus.testcases.AddSalesVocherTest" name="checkSalesVocher3" time="3.101"/>
  <testcase classname="com.focus.testcases.AddSalesVocherTest" name="checkSalesVocher9" time="11.053"/>
  <testcase classname="com.focus.testcases.AddSalesVocherTest" name="checkSalesVocher7" time="8.278"/>
  <testcase classname="com.focus.testcases.AddSalesVocherTest" name="checkSalesVocher8" time="9.205"/>
  <testcase classname="com.focus.testcases.AddSalesVocherTest" name="checkSalesVocher5" time="3.411"/>
</testsuite> <!-- com.focus.testcases.AddSalesVocherTest -->
