<?xml version="1.0" encoding="UTF-8"?>
<!-- Generated by org.testng.reporters.JUnitReportReporter -->
<testsuite hostname="FOCUS-QA-133" failures="0" tests="2" name="com.focus.testcases.DeleteCompanyTest" time="19.528" errors="0" timestamp="29 Jul 2021 09:57:26 GMT">
  <testcase classname="com.focus.testcases.DeleteCompanyTest" name="checkCompanyListAfterDeleteCompanySize" time="0.312"/>
  <testcase classname="com.focus.testcases.DeleteCompanyTest" name="checkDeleteCompanyOptionInSearch" time="19.216"/>
</testsuite> <!-- com.focus.testcases.DeleteCompanyTest -->
