<?xml version="1.0" encoding="UTF-8"?>
<!-- Generated by org.testng.reporters.JUnitReportReporter -->
<testsuite hostname="Focus-QA-4" name="com.focus.testcases.SmokePreferencesTest" tests="84" failures="0" timestamp="31 Oct 2020 10:45:54 GMT" time="641.680" errors="0">
  <testcase name="checkPronghornInPreferences" time="13.103" classname="com.focus.testcases.SmokePreferencesTest"/>
  <testcase name="checkUpdatedFieldsinMailSettings" time="11.306" classname="com.focus.testcases.SmokePreferencesTest"/>
  <testcase name="verifyEnableInventoryTag" time="6.422" classname="com.focus.testcases.SmokePreferencesTest"/>
  <testcase name="verifyMiscellaneousOptions" time="7.006" classname="com.focus.testcases.SmokePreferencesTest"/>
  <testcase name="checkUpdateButtonInBins" time="6.786" classname="com.focus.testcases.SmokePreferencesTest"/>
  <testcase name="checkMailSettings" time="5.377" classname="com.focus.testcases.SmokePreferencesTest"/>
  <testcase name="verifyRMAOptions" time="4.194" classname="com.focus.testcases.SmokePreferencesTest"/>
  <testcase name="verifyEnableBins" time="3.472" classname="com.focus.testcases.SmokePreferencesTest"/>
  <testcase name="verifyCloseButtonInMailSettings" time="3.564" classname="com.focus.testcases.SmokePreferencesTest"/>
  <testcase name="checkExternalModulesInPreferences" time="13.594" classname="com.focus.testcases.SmokePreferencesTest"/>
  <testcase name="verifyUpdateButtonInBatches" time="11.339" classname="com.focus.testcases.SmokePreferencesTest"/>
  <testcase name="verifyPickCreditDayFromOptions" time="3.756" classname="com.focus.testcases.SmokePreferencesTest"/>
  <testcase name="verifyAvailbilityofBins" time="3.152" classname="com.focus.testcases.SmokePreferencesTest"/>
  <testcase name="checkMastersOptioninthePreferences" time="5.120" classname="com.focus.testcases.SmokePreferencesTest"/>
  <testcase name="verifyUpdatedTagsAfterUpdate" time="12.587" classname="com.focus.testcases.SmokePreferencesTest"/>
  <testcase name="verifyAvailbilityofInventory" time="3.605" classname="com.focus.testcases.SmokePreferencesTest"/>
  <testcase name="verifyAuthenticationType" time="4.862" classname="com.focus.testcases.SmokePreferencesTest"/>
  <testcase name="checkFixedAssetsInPreferences" time="5.859" classname="com.focus.testcases.SmokePreferencesTest"/>
  <testcase name="verifyDependOnMaintainBillWiseFroARAPOptions" time="3.704" classname="com.focus.testcases.SmokePreferencesTest"/>
  <testcase name="checkWarehouseMangementInPreferences" time="12.943" classname="com.focus.testcases.SmokePreferencesTest"/>
  <testcase name="checkPreferencesOption" time="8.324" classname="com.focus.testcases.SmokePreferencesTest"/>
  <testcase name="checkLoginCompanyWithValidCredentials" time="17.308" classname="com.focus.testcases.SmokePreferencesTest"/>
  <testcase name="checkQualityControlInPreferences" time="4.137" classname="com.focus.testcases.SmokePreferencesTest"/>
  <testcase name="checkEnableSellingRateBuyingRateTag" time="8.954" classname="com.focus.testcases.SmokePreferencesTest"/>
  <testcase name="verifyEnableBinsOption" time="5.190" classname="com.focus.testcases.SmokePreferencesTest"/>
  <testcase name="verifyUpdateButton" time="3.940" classname="com.focus.testcases.SmokePreferencesTest"/>
  <testcase name="checkUpdatebuttonARAP" time="11.706" classname="com.focus.testcases.SmokePreferencesTest"/>
  <testcase name="checkVATInPreferences" time="7.290" classname="com.focus.testcases.SmokePreferencesTest"/>
  <testcase name="verifyEnableBatchNumbersOption" time="5.994" classname="com.focus.testcases.SmokePreferencesTest"/>
  <testcase name="verifySMTPAddress" time="3.405" classname="com.focus.testcases.SmokePreferencesTest"/>
  <testcase name="checkLetterForCreditInPreferences" time="5.842" classname="com.focus.testcases.SmokePreferencesTest"/>
  <testcase name="checkAccountsinPreferences" time="8.051" classname="com.focus.testcases.SmokePreferencesTest"/>
  <testcase name="checkConfigureTransactionsMenu" time="6.774" classname="com.focus.testcases.SmokePreferencesTest"/>
  <testcase name="verifySMTPsettings" time="4.425" classname="com.focus.testcases.SmokePreferencesTest"/>
  <testcase name="verifyAvailbilityofRMA" time="3.135" classname="com.focus.testcases.SmokePreferencesTest"/>
  <testcase name="verifyReservation" time="3.555" classname="com.focus.testcases.SmokePreferencesTest"/>
  <testcase name="checkUpdatingtheMailSettingsbyUpdatingEmailid" time="8.418" classname="com.focus.testcases.SmokePreferencesTest"/>
  <testcase name="verifyAvailbilityofBatch" time="3.143" classname="com.focus.testcases.SmokePreferencesTest"/>
  <testcase name="verifyUpdateOkButton" time="8.976" classname="com.focus.testcases.SmokePreferencesTest"/>
  <testcase name="verifyCloseButton" time="3.743" classname="com.focus.testcases.SmokePreferencesTest"/>
  <testcase name="checkProductionInPreferences" time="5.621" classname="com.focus.testcases.SmokePreferencesTest"/>
  <testcase name="checkSavedOptionsInPreferences" time="76.413" classname="com.focus.testcases.SmokePreferencesTest"/>
  <testcase name="checkBudgetScreenUnderPreference" time="10.890" classname="com.focus.testcases.SmokePreferencesTest"/>
  <testcase name="verifyInputingLocalCurrencyOption" time="3.970" classname="com.focus.testcases.SmokePreferencesTest"/>
  <testcase name="verifyIncludeReservestockinStockLedgerOption" time="3.915" classname="com.focus.testcases.SmokePreferencesTest"/>
  <testcase name="checkEnableOverDueCheckOptions" time="3.569" classname="com.focus.testcases.SmokePreferencesTest"/>
  <testcase name="verifyEMail" time="3.415" classname="com.focus.testcases.SmokePreferencesTest"/>
  <testcase name="checkUpdatedEmailid" time="7.594" classname="com.focus.testcases.SmokePreferencesTest"/>
  <testcase name="checkSelectingARTagAsDeparment" time="3.671" classname="com.focus.testcases.SmokePreferencesTest"/>
  <testcase name="verifyEditTagsByUpdateButton" time="5.472" classname="com.focus.testcases.SmokePreferencesTest"/>
  <testcase name="checkEditAndSavingRateValues" time="13.764" classname="com.focus.testcases.SmokePreferencesTest"/>
  <testcase name="verifyEditTagsByUpdateOkButton" time="4.538" classname="com.focus.testcases.SmokePreferencesTest"/>
  <testcase name="checkMRPInPreferences" time="6.258" classname="com.focus.testcases.SmokePreferencesTest"/>
  <testcase name="verifyOutgoingPort" time="4.605" classname="com.focus.testcases.SmokePreferencesTest"/>
  <testcase name="verifyMiscellaneousInPreferences" time="3.832" classname="com.focus.testcases.SmokePreferencesTest"/>
  <testcase name="checkUpdateOkbuttonMiscelleanous" time="9.960" classname="com.focus.testcases.SmokePreferencesTest"/>
  <testcase name="verifyTagsAfterSaveTags" time="13.392" classname="com.focus.testcases.SmokePreferencesTest"/>
  <testcase name="checkEnableBatchExpiryOptions" time="4.216" classname="com.focus.testcases.SmokePreferencesTest"/>
  <testcase name="verifyEnableAccountingTag" time="10.360" classname="com.focus.testcases.SmokePreferencesTest"/>
  <testcase name="verifyInventoryOptions" time="4.993" classname="com.focus.testcases.SmokePreferencesTest"/>
  <testcase name="verifyUpdateInventoryOptions" time="1.771" classname="com.focus.testcases.SmokePreferencesTest"/>
  <testcase name="checkSelectingAPTagAsDeparment" time="3.867" classname="com.focus.testcases.SmokePreferencesTest"/>
  <testcase name="checkAvailableOptionsInSettingsMenu" time="10.622" classname="com.focus.testcases.SmokePreferencesTest"/>
  <testcase name="verifyARAPoptions" time="4.141" classname="com.focus.testcases.SmokePreferencesTest"/>
  <testcase name="checkAvailbilityofPDCandPDCOptionsinPreference" time="6.057" classname="com.focus.testcases.SmokePreferencesTest"/>
  <testcase name="checkINFOInPreferences" time="7.038" classname="com.focus.testcases.SmokePreferencesTest"/>
  <testcase name="checkCreateVATInputAccountInPreferences" time="12.518" classname="com.focus.testcases.SmokePreferencesTest"/>
  <testcase name="verifyUpdateButtonInRMA" time="6.930" classname="com.focus.testcases.SmokePreferencesTest"/>
  <testcase name="checkSaveVATAccountsInPreferences" time="29.756" classname="com.focus.testcases.SmokePreferencesTest"/>
  <testcase name="verifyARAPinPreferences" time="3.654" classname="com.focus.testcases.SmokePreferencesTest"/>
  <testcase name="verifyPassword" time="4.276" classname="com.focus.testcases.SmokePreferencesTest"/>
  <testcase name="verifyUpdateButtonInMailSettings" time="10.884" classname="com.focus.testcases.SmokePreferencesTest"/>
  <testcase name="verifyLocalCurrencyOption" time="3.648" classname="com.focus.testcases.SmokePreferencesTest"/>
  <testcase name="checkPOSInPreferences" time="8.141" classname="com.focus.testcases.SmokePreferencesTest"/>
  <testcase name="verifyUpdateMRNstockvaluethroughPurchaseOption" time="3.265" classname="com.focus.testcases.SmokePreferencesTest"/>
  <testcase name="verifyEnableCreditLimitCheckOptions" time="4.680" classname="com.focus.testcases.SmokePreferencesTest"/>
  <testcase name="verifyEnableRMASupportOption" time="3.586" classname="com.focus.testcases.SmokePreferencesTest"/>
  <testcase name="verifykMailSettings" time="4.999" classname="com.focus.testcases.SmokePreferencesTest"/>
  <testcase name="checkSavingtheSaleandPurchaseRates" time="14.995" classname="com.focus.testcases.SmokePreferencesTest"/>
  <testcase name="checkCloseAndLogoutTheCompany" time="4.919" classname="com.focus.testcases.SmokePreferencesTest"/>
  <testcase name="verifyUserSecureConnection" time="3.559" classname="com.focus.testcases.SmokePreferencesTest"/>
  <testcase name="verifySavingDependOnMaintainBillWiseFroARAPOptions" time="4.307" classname="com.focus.testcases.SmokePreferencesTest"/>
  <testcase name="checkTagsDefaultTagSettingsOption" time="6.245" classname="com.focus.testcases.SmokePreferencesTest"/>
  <testcase name="verifyInputUnitsinTransactionsOption" time="3.313" classname="com.focus.testcases.SmokePreferencesTest"/>
</testsuite> <!-- com.focus.testcases.SmokePreferencesTest -->
