<?xml version="1.0" encoding="UTF-8"?>
<!-- Generated by org.testng.reporters.JUnitReportReporter -->
<testsuite hostname="FOCUS-QA-4" name="com.focus.testcases.StockTransferVoucherTest" tests="6" failures="0" timestamp="23 Jul 2021 15:20:09 GMT" time="188.165" errors="0">
  <testcase name="checkSavingVoucherUsingCopyDocumentInStockTransfer" time="56.696" classname="com.focus.testcases.StockTransferVoucherTest"/>
  <testcase name="checkVerifingDetailsOfSavedStockTransferVoucherInHomepage" time="2.040" classname="com.focus.testcases.StockTransferVoucherTest"/>
  <testcase name="checkUpdatingStockTransferVoucher" time="5.110" classname="com.focus.testcases.StockTransferVoucherTest"/>
  <testcase name="checkDeletingVoucherInStockTransfer" time="11.716" classname="com.focus.testcases.StockTransferVoucherTest"/>
  <testcase name="checkSuspendOptionInSalesOrdersVoucherWithTransferedStock" time="2.565" classname="com.focus.testcases.StockTransferVoucherTest"/>
  <testcase name="checkSavingStockTransferVoucher" time="110.038" classname="com.focus.testcases.StockTransferVoucherTest"/>
</testsuite> <!-- com.focus.testcases.StockTransferVoucherTest -->
