<?xml version="1.0" encoding="UTF-8"?>
<!-- Generated by org.testng.reporters.JUnitReportReporter -->
<testsuite hostname="Focus-QA-4" name="com.focus.testcases.SmokeMastersTest" tests="32" failures="0" timestamp="31 Oct 2020 10:28:56 GMT" time="424.897" errors="0">
  <testcase name="checkExportOptionInAdvanceImportExportOfItemMaster" time="7.173" classname="com.focus.testcases.SmokeMastersTest"/>
  <testcase name="checkCloseImportExportScreenAndImport" time="33.097" classname="com.focus.testcases.SmokeMastersTest"/>
  <testcase name="checkPropertiesOption" time="3.531" classname="com.focus.testcases.SmokeMastersTest"/>
  <testcase name="checkSaveMappingImportFileInImportExport" time="9.512" classname="com.focus.testcases.SmokeMastersTest"/>
  <testcase name="checkDepartmentImportDataOption" time="16.761" classname="com.focus.testcases.SmokeMastersTest"/>
  <testcase name="checkImportDataOption" time="18.719" classname="com.focus.testcases.SmokeMastersTest"/>
  <testcase name="checkPropertiesForWACOGSRMAItems" time="7.728" classname="com.focus.testcases.SmokeMastersTest"/>
  <testcase name="checkExportOptionInAdvanceImportExport" time="10.835" classname="com.focus.testcases.SmokeMastersTest"/>
  <testcase name="checkPropertiesForFIFOCOGSBINSItems" time="8.220" classname="com.focus.testcases.SmokeMastersTest"/>
  <testcase name="checkBinsImportedDisplayInItemGrid" time="6.010" classname="com.focus.testcases.SmokeMastersTest"/>
  <testcase name="checkAdvanceImportExportOption" time="8.381" classname="com.focus.testcases.SmokeMastersTest"/>
  <testcase name="checkDepartmentMasterImportingDepartment" time="17.906" classname="com.focus.testcases.SmokeMastersTest"/>
  <testcase name="checkBinsImportDataOption" time="21.785" classname="com.focus.testcases.SmokeMastersTest"/>
  <testcase name="checkLogoutUserSecurityPage" time="4.345" classname="com.focus.testcases.SmokeMastersTest"/>
  <testcase name="checkAdvanceImportExportOptionInItemMasterPage" time="6.537" classname="com.focus.testcases.SmokeMastersTest"/>
  <testcase name="checkReadingImportFileOnClickBrowseFileImportInImportExport" time="22.396" classname="com.focus.testcases.SmokeMastersTest"/>
  <testcase name="checkClickOnTemplateNameDropdown" time="14.413" classname="com.focus.testcases.SmokeMastersTest"/>
  <testcase name="checkSelectAllOptionInAdvanceImportExport" time="6.446" classname="com.focus.testcases.SmokeMastersTest"/>
  <testcase name="checkImportedAccountsDisplayInAccountsDisplayGrid" time="23.393" classname="com.focus.testcases.SmokeMastersTest"/>
  <testcase name="checkWarehouseMasterImportingWarehouse" time="15.841" classname="com.focus.testcases.SmokeMastersTest"/>
  <testcase name="checkWarehouseImportDataOption" time="17.153" classname="com.focus.testcases.SmokeMastersTest"/>
  <testcase name="checkBinsMasterImportingBins" time="11.110" classname="com.focus.testcases.SmokeMastersTest"/>
  <testcase name="checkPropertiesForBRCOGSBatchItems" time="6.176" classname="com.focus.testcases.SmokeMastersTest"/>
  <testcase name="checkWarehouseImportedDisplayInWarehouseGrid" time="5.693" classname="com.focus.testcases.SmokeMastersTest"/>
  <testcase name="checkFileDownloadInExportScreenOfItemMaster" time="18.778" classname="com.focus.testcases.SmokeMastersTest"/>
  <testcase name="checkFileDownloadInExportScreen" time="13.761" classname="com.focus.testcases.SmokeMastersTest"/>
  <testcase name="checkWarehouseSettingThePropertAsInactive" time="21.781" classname="com.focus.testcases.SmokeMastersTest"/>
  <testcase name="checkDepartmentImportedDisplayInDepartmentGrid" time="5.876" classname="com.focus.testcases.SmokeMastersTest"/>
  <testcase name="checkItemMasterSelectAllOptionInAdvanceImportExport" time="4.238" classname="com.focus.testcases.SmokeMastersTest"/>
  <testcase name="checkImportedItemsDisplayInItemGrid" time="10.659" classname="com.focus.testcases.SmokeMastersTest"/>
  <testcase name="checkPropertiesForSTDRATECOGSStockItems" time="22.789" classname="com.focus.testcases.SmokeMastersTest"/>
  <testcase name="checkSignInDemoPopupPageOnClickDoNotShowAndCloseToDisplayMenusAndHomePage" time="23.854" classname="com.focus.testcases.SmokeMastersTest"/>
</testsuite> <!-- com.focus.testcases.SmokeMastersTest -->
