<?xml version="1.0" encoding="UTF-8"?>
<!-- Generated by org.testng.reporters.JUnitReportReporter -->
<testsuite hostname="FOCUS-QA-133" failures="0" tests="1" name="com.focus.testcases.TCSTransactionDetailsPageTest" time="30.852" errors="0" timestamp="8 Sep 2021 10:10:31 GMT">
  <testcase classname="com.focus.testcases.TCSTransactionDetailsPageTest" name="checkTCSTransactionsDetailsForAllAvailbletDsSEctionTYpes" time="30.852"/>
</testsuite> <!-- com.focus.testcases.TCSTransactionDetailsPageTest -->
