<?xml version="1.0" encoding="UTF-8"?>
<!-- Generated by org.testng.reporters.JUnitReportReporter -->
<testsuite hostname="Focus-QA-4" name="com.focus.testcases.SmokeAcctsCustomizationTest" tests="32" failures="0" timestamp="31 Oct 2020 08:23:36 GMT" time="174.898" errors="0">
  <testcase name="checkHeaderBodyDetailsTabInCreateCreateTab" time="2.698" classname="com.focus.testcases.SmokeAcctsCustomizationTest"/>
  <testcase name="checkSignToCheckAccountsMasterCustomization" time="22.005" classname="com.focus.testcases.SmokeAcctsCustomizationTest"/>
  <testcase name="checkAddOptionToCreateExtraFieldInCreateTab" time="4.359" classname="com.focus.testcases.SmokeAcctsCustomizationTest"/>
  <testcase name="checkPrintLayoutTabInCustomizeMaster" time="2.833" classname="com.focus.testcases.SmokeAcctsCustomizationTest"/>
  <testcase name="checkClickOnAccountsFromMastersSubMeu" time="5.865" classname="com.focus.testcases.SmokeAcctsCustomizationTest"/>
  <testcase name="checkSettingsTabInCustomizeMaster" time="3.375" classname="com.focus.testcases.SmokeAcctsCustomizationTest"/>
  <testcase name="checkClickOnHomeMenuToDisplaySubMenu" time="2.348" classname="com.focus.testcases.SmokeAcctsCustomizationTest"/>
  <testcase name="checkCloseOptionInCreateTab" time="2.223" classname="com.focus.testcases.SmokeAcctsCustomizationTest"/>
  <testcase name="checkClickOnMastersMenuToDisplaySubMenu" time="4.160" classname="com.focus.testcases.SmokeAcctsCustomizationTest"/>
  <testcase name="checkCreateTabsOptionsInCustomizeMaster" time="2.174" classname="com.focus.testcases.SmokeAcctsCustomizationTest"/>
  <testcase name="checkCloseBtnCustomizeMaster" time="5.024" classname="com.focus.testcases.SmokeAcctsCustomizationTest"/>
  <testcase name="checkOtherToolsOptionsAvailabilityInAccountMastersPage" time="4.686" classname="com.focus.testcases.SmokeAcctsCustomizationTest"/>
  <testcase name="checkToolsOptionsAvailabilityInAccountMastersPage" time="3.415" classname="com.focus.testcases.SmokeAcctsCustomizationTest"/>
  <testcase name="checkCustomizeMasterOptionInAccountsMasterPage" time="6.162" classname="com.focus.testcases.SmokeAcctsCustomizationTest"/>
  <testcase name="checkReportsInCustomizeMaster" time="5.455" classname="com.focus.testcases.SmokeAcctsCustomizationTest"/>
  <testcase name="checkClickOnCloseButtonInAccountMasterToCloseAccountsPage" time="1.454" classname="com.focus.testcases.SmokeAcctsCustomizationTest"/>
  <testcase name="checkCreateCreateTabOptionsInCustomizeMaster" time="3.340" classname="com.focus.testcases.SmokeAcctsCustomizationTest"/>
  <testcase name="checkEditToUpdateCreatedFieldInCreateCreateTabDisplayInCustomizeTab" time="8.311" classname="com.focus.testcases.SmokeAcctsCustomizationTest"/>
  <testcase name="checkDetailsTabInCustomizeMaster" time="2.728" classname="com.focus.testcases.SmokeAcctsCustomizationTest"/>
  <testcase name="checkCreateExtraFieldToDelete" time="18.074" classname="com.focus.testcases.SmokeAcctsCustomizationTest"/>
  <testcase name="checkConfirmmationMessageOnDeleteTabOptionForCreateTabDisplayInTabs" time="11.298" classname="com.focus.testcases.SmokeAcctsCustomizationTest"/>
  <testcase name="checkRulesInCustomizeMaster" time="8.756" classname="com.focus.testcases.SmokeAcctsCustomizationTest"/>
  <testcase name="checkCreateTabAndDeleteOptionsInCustomizeMaster" time="2.212" classname="com.focus.testcases.SmokeAcctsCustomizationTest"/>
  <testcase name="checkExternalModulesInCustomizeMaster" time="2.399" classname="com.focus.testcases.SmokeAcctsCustomizationTest"/>
  <testcase name="checkInfoPanelInCustomizeMaster" time="2.476" classname="com.focus.testcases.SmokeAcctsCustomizationTest"/>
  <testcase name="checkAddOptionInCreateCreateTabDisplayInCustomizeTab" time="9.750" classname="com.focus.testcases.SmokeAcctsCustomizationTest"/>
  <testcase name="checkCloseAndLogoutTheCompanyInAcctsCustomization" time="5.533" classname="com.focus.testcases.SmokeAcctsCustomizationTest"/>
  <testcase name="checkGeneralTabOptionMainTabInCustomizeMaster" time="3.421" classname="com.focus.testcases.SmokeAcctsCustomizationTest"/>
  <testcase name="checkUniqueContraintCustomizeMaster" time="4.396" classname="com.focus.testcases.SmokeAcctsCustomizationTest"/>
  <testcase name="checkOkButtonWithAllInputInCreateCreateTab" time="3.900" classname="com.focus.testcases.SmokeAcctsCustomizationTest"/>
  <testcase name="checkCreateTabEditOption" time="7.701" classname="com.focus.testcases.SmokeAcctsCustomizationTest"/>
  <testcase name="checkMainOptionsAvailabilityInAccountMastersPage" time="2.367" classname="com.focus.testcases.SmokeAcctsCustomizationTest"/>
</testsuite> <!-- com.focus.testcases.SmokeAcctsCustomizationTest -->
