<?xml version="1.0" encoding="UTF-8"?>
<!-- Generated by org.testng.reporters.JUnitReportReporter -->
<testsuite hostname="FOCUS-QA-133" failures="0" tests="1" name="com.focus.testcases.LoginTest" time="9.373" errors="0" timestamp="28 Jul 2021 08:39:37 GMT">
  <testcase classname="com.focus.testcases.LoginTest" name="checkSignInBtnWithValidUserNameAndValidPassword" time="9.373"/>
</testsuite> <!-- com.focus.testcases.LoginTest -->
