<?xml version="1.0" encoding="UTF-8"?>
<!-- Generated by org.testng.reporters.JUnitReportReporter -->
<testsuite hostname="FOCUS-QA-133" name="com.focus.Pages.HelloHai" tests="3" failures="0" timestamp="20 Dec 2022 12:35:38 GMT" time="0.014" errors="0">
  <testcase name="test2" time="0.014" classname="com.focus.Pages.HelloHai"/>
  <testcase name="test1" time="0.000" classname="com.focus.Pages.HelloHai"/>
  <testcase name="test3" time="0.000" classname="com.focus.Pages.HelloHai"/>
</testsuite> <!-- com.focus.Pages.HelloHai -->
