<?xml version="1.0" encoding="UTF-8"?>
<!-- Generated by org.testng.reporters.JUnitReportReporter -->
<testsuite hostname="Focus-QA-4" name="com.focus.testcases.SmokeBinsTest" tests="26" failures="0" timestamp="31 Oct 2020 09:15:49 GMT" time="229.651" errors="0">
  <testcase name="checkCreateTreeToggleOptionsAvailableInBinsMastersPage" time="4.646" classname="com.focus.testcases.SmokeBinsTest"/>
  <testcase name="checkMainOptionsAvailabilityInBinsMasterPage" time="4.368" classname="com.focus.testcases.SmokeBinsTest"/>
  <testcase name="checkSearchOptionAvailableInBinsMastersPage" time="4.324" classname="com.focus.testcases.SmokeBinsTest"/>
  <testcase name="checkSaveByUpdatingNameCodeTypeInBinsCreationPage" time="11.568" classname="com.focus.testcases.SmokeBinsTest"/>
  <testcase name="checkToolsOptionsAvailabilityOnClickMasterRibbonToExpandOptionsInBinsMastersPage" time="9.586" classname="com.focus.testcases.SmokeBinsTest"/>
  <testcase name="checkCreateViewToggleOptionsAvailableBinsMastersPage" time="4.357" classname="com.focus.testcases.SmokeBinsTest"/>
  <testcase name="checkTreeViewOptionsAvailableInBinsMastersPage" time="5.767" classname="com.focus.testcases.SmokeBinsTest"/>
  <testcase name="checkHideUnitGroupOptionsAvailableInBinsMastersPage" time="3.404" classname="com.focus.testcases.SmokeBinsTest"/>
  <testcase name="checkCloseButtonBinsUpdateCheck" time="3.711" classname="com.focus.testcases.SmokeBinsTest"/>
  <testcase name="checkClickOnNewButtonInBinGroups" time="10.194" classname="com.focus.testcases.SmokeBinsTest"/>
  <testcase name="checkUnHideUnitsGroupOptionsAvailableInBinsMastersPage" time="3.437" classname="com.focus.testcases.SmokeBinsTest"/>
  <testcase name="checkSaveBin" time="10.592" classname="com.focus.testcases.SmokeBinsTest"/>
  <testcase name="checkLogoutInBinsMasterPage" time="4.500" classname="com.focus.testcases.SmokeBinsTest"/>
  <testcase name="checkBinsMasterPageIsDisplayByClickOnBinsMenu" time="8.792" classname="com.focus.testcases.SmokeBinsTest"/>
  <testcase name="checkHeaderFieldsOptionsAvailableInBinsMastersPage" time="6.615" classname="com.focus.testcases.SmokeBinsTest"/>
  <testcase name="checkDeleteBinsOptionForBinsMasterPage" time="46.964" classname="com.focus.testcases.SmokeBinsTest"/>
  <testcase name="checkCloseBinsMaster" time="5.576" classname="com.focus.testcases.SmokeBinsTest"/>
  <testcase name="checkSaveBinCreation" time="15.010" classname="com.focus.testcases.SmokeBinsTest"/>
  <testcase name="checkEditOptionForNewlyCreateBins" time="11.633" classname="com.focus.testcases.SmokeBinsTest"/>
  <testcase name="checkEditOptionForNewlyUpdateBins" time="8.403" classname="com.focus.testcases.SmokeBinsTest"/>
  <testcase name="checkUnCheckingSelectBinsAndCheckUnSelectBins" time="2.929" classname="com.focus.testcases.SmokeBinsTest"/>
  <testcase name="checkSignToCheckBinsMastersPage" time="23.900" classname="com.focus.testcases.SmokeBinsTest"/>
  <testcase name="checkCloseButtonBinsCreationPage" time="3.337" classname="com.focus.testcases.SmokeBinsTest"/>
  <testcase name="checkDisplayOfGroupAvailableTreeStructureLeftPageBinsMasterPage" time="6.260" classname="com.focus.testcases.SmokeBinsTest"/>
  <testcase name="checkOtherToolsOptionsAvailabilityInBinsMastersPageOnClickRibbonControlNextButton" time="6.285" classname="com.focus.testcases.SmokeBinsTest"/>
  <testcase name="checkBinsMastersDisplayTableColumnNamesAvailableInBinstMastersPage" time="3.493" classname="com.focus.testcases.SmokeBinsTest"/>
</testsuite> <!-- com.focus.testcases.SmokeBinsTest -->
