<?xml version="1.0" encoding="UTF-8"?>
<!-- Generated by org.testng.reporters.JUnitReportReporter -->
<testsuite hostname="FOCUS-QA-4" name="com.focus.testcases.PurchaseOrdersTest" tests="18" failures="0" timestamp="23 Jul 2021 15:20:09 GMT" time="371.190" errors="0">
  <testcase name="checkSavingPurchasesOrderVoucher2WithTwoRows" time="35.210" classname="com.focus.testcases.PurchaseOrdersTest"/>
  <testcase name="checkSavingPurchaseVoucherVATVoucher1WithPurchaseOrderLink" time="67.879" classname="com.focus.testcases.PurchaseOrdersTest"/>
  <testcase name="checkDeletingVoucher2PurchaseOrder" time="10.514" classname="com.focus.testcases.PurchaseOrdersTest"/>
  <testcase name="checkAuthorizationInMaterialRequisitionWithUserAllOptionsST" time="13.981" classname="com.focus.testcases.PurchaseOrdersTest"/>
  <testcase name="checkAuthorizationInPurchaseOrderWithUserAllOptionsST" time="16.907" classname="com.focus.testcases.PurchaseOrdersTest"/>
  <testcase name="checkVerifingDetailsOfSavedPurchaseOrdersVouchersInHomepage" time="10.827" classname="com.focus.testcases.PurchaseOrdersTest"/>
  <testcase name="checkPurchasesOrderVoucherToDisplayLinksAfterAuthorizationAndSavePurchaseOrder" time="26.640" classname="com.focus.testcases.PurchaseOrdersTest"/>
  <testcase name="checkDataInPurchaseVoucherVATVoucher1ConvertedLink" time="20.626" classname="com.focus.testcases.PurchaseOrdersTest"/>
  <testcase name="checkCloseRow2LinkInPurchaseOrderHavingTwoLinkDocuments" time="16.340" classname="com.focus.testcases.PurchaseOrdersTest"/>
  <testcase name="checkLogoutAndLoginWithUserAllOptions" time="14.354" classname="com.focus.testcases.PurchaseOrdersTest"/>
  <testcase name="checkLogoutAndLoginWithSUForPurchasesVoucherVAT" time="14.891" classname="com.focus.testcases.PurchaseOrdersTest"/>
  <testcase name="checkLogoutAndLoginWithUserAllOptionsSTToAuthorizePurchaseOrderVoucher2" time="16.779" classname="com.focus.testcases.PurchaseOrdersTest"/>
  <testcase name="checkLogoutAndLoginWithSUAfterAuthorizingPurchaseOrderVoucher2" time="14.852" classname="com.focus.testcases.PurchaseOrdersTest"/>
  <testcase name="checkLogoutAndLoginWithSU" time="14.924" classname="com.focus.testcases.PurchaseOrdersTest"/>
  <testcase name="checkPurchasesOrderVoucherToDisplayLinksWithoutAuthorization" time="29.112" classname="com.focus.testcases.PurchaseOrdersTest"/>
  <testcase name="checkAuthorizationInPurchaseOrderVoucher2WithUserAllOptionsST" time="7.876" classname="com.focus.testcases.PurchaseOrdersTest"/>
  <testcase name="checkLPurchaseOrderPopupInPurchaseVoucherVATVoucher2" time="22.650" classname="com.focus.testcases.PurchaseOrdersTest"/>
  <testcase name="checkLogoutAndLoginWithUserAllOptionsSTToAuthorizePurchaseOrder" time="16.828" classname="com.focus.testcases.PurchaseOrdersTest"/>
</testsuite> <!-- com.focus.testcases.PurchaseOrdersTest -->
