<?xml version="1.0" encoding="UTF-8"?>
<!-- Generated by org.testng.reporters.JUnitReportReporter -->
<testsuite hostname="FOCUS-QA-4" name="com.focus.testcases.DesignWorkFlowTest" tests="4" failures="0" timestamp="23 Jul 2021 12:36:07 GMT" time="70.960" errors="0">
  <testcase name="checkDeletingTestWorkFlow" time="4.259" classname="com.focus.testcases.DesignWorkFlowTest"/>
  <testcase name="checkEditingPurchasesFlow" time="37.447" classname="com.focus.testcases.DesignWorkFlowTest"/>
  <testcase name="checkEditingSavedTestWorkFlow" time="6.427" classname="com.focus.testcases.DesignWorkFlowTest"/>
  <testcase name="checkSavingTestWorkFlow" time="22.827" classname="com.focus.testcases.DesignWorkFlowTest"/>
</testsuite> <!-- com.focus.testcases.DesignWorkFlowTest -->
