<?xml version="1.0" encoding="UTF-8"?>
<!-- Generated by org.testng.reporters.JUnitReportReporter -->
<testsuite hostname="Focus-QA-4" name="com.focus.testcases.SmokeWarehouseTest" tests="33" failures="0" timestamp="31 Oct 2020 09:22:31 GMT" time="235.143" errors="0">
  <testcase name="checkCustomizeMasterTabMasterFieldsOption" time="2.241" classname="com.focus.testcases.SmokeWarehouseTest"/>
  <testcase name="checkEditOptionForNewlyCreateAddGroupWarehouse" time="11.516" classname="com.focus.testcases.SmokeWarehouseTest"/>
  <testcase name="checkMainOptionsAvailabilityInWarhouseMasterPage" time="5.257" classname="com.focus.testcases.SmokeWarehouseTest"/>
  <testcase name="checkWarehouseMastersDisplayTableColumnNamesAvailableInWarehouseMastersPage" time="3.471" classname="com.focus.testcases.SmokeWarehouseTest"/>
  <testcase name="checkSearchOptionAvailableInWarehouseMastersPage" time="5.600" classname="com.focus.testcases.SmokeWarehouseTest"/>
  <testcase name="checkGeneralTabOptionHeaderDetailsTabInCustomizeMaster" time="2.359" classname="com.focus.testcases.SmokeWarehouseTest"/>
  <testcase name="checkOtherToolsOptionsAvailabilityInWarehouseMastersPageOnClickRibbonControlNextButton" time="4.596" classname="com.focus.testcases.SmokeWarehouseTest"/>
  <testcase name="checkDisplayOfGroupAvailableTreeStructureLeftPageWarehouseMasterPage" time="3.254" classname="com.focus.testcases.SmokeWarehouseTest"/>
  <testcase name="checkCustomizeMasterTabOptionInWarehouseMaster" time="4.459" classname="com.focus.testcases.SmokeWarehouseTest"/>
  <testcase name="checkEditOptionForUpdatedGroupWarehouse" time="7.853" classname="com.focus.testcases.SmokeWarehouseTest"/>
  <testcase name="checkCloseButtonOnEditWarehouseGroupCreationPage" time="5.283" classname="com.focus.testcases.SmokeWarehouseTest"/>
  <testcase name="checkWarehouseMasterPageIsDisplayByClickOnWarehouseMenu" time="6.746" classname="com.focus.testcases.SmokeWarehouseTest"/>
  <testcase name="checkTreeViewOptionsAvailableInWarehouseMastersPage" time="5.694" classname="com.focus.testcases.SmokeWarehouseTest"/>
  <testcase name="checkCloseButtonInWarehouseGroupCreationPage" time="5.546" classname="com.focus.testcases.SmokeWarehouseTest"/>
  <testcase name="checkUpdateCreatedFieldInCreateCreateTabDisplayInCustomizeTab" time="5.637" classname="com.focus.testcases.SmokeWarehouseTest"/>
  <testcase name="checkSaveButtonInWarehouseMasterCreationPage" time="6.282" classname="com.focus.testcases.SmokeWarehouseTest"/>
  <testcase name="checkHideUnitGroupOptionsAvailableInWarehouseMastersPage" time="6.029" classname="com.focus.testcases.SmokeWarehouseTest"/>
  <testcase name="checkCreateTreeToggleOptionsAvailableInWarehouseMastersPage" time="4.486" classname="com.focus.testcases.SmokeWarehouseTest"/>
  <testcase name="checkGeneralTabOptionMainTabInCustomizeMaster" time="2.197" classname="com.focus.testcases.SmokeWarehouseTest"/>
  <testcase name="checkUnHideUnitsGroupOptionsAvailableInWarehouseMastersPage" time="4.317" classname="com.focus.testcases.SmokeWarehouseTest"/>
  <testcase name="checkCloseWarehouseMaster" time="6.014" classname="com.focus.testcases.SmokeWarehouseTest"/>
  <testcase name="checkSaveWarhouse" time="5.976" classname="com.focus.testcases.SmokeWarehouseTest"/>
  <testcase name="checkToolsOptionsAvailabilityOnClickMasterRibbonToExpandOptionsInWarehouseMastersPage" time="7.042" classname="com.focus.testcases.SmokeWarehouseTest"/>
  <testcase name="checkEditBinInMainTabInCustomizeMaster" time="3.626" classname="com.focus.testcases.SmokeWarehouseTest"/>
  <testcase name="checkNewButtonInWarehouseMasterOptions" time="5.363" classname="com.focus.testcases.SmokeWarehouseTest"/>
  <testcase name="checkHeaderFieldsOptionsAvailableInWarehouseMastersPage" time="6.493" classname="com.focus.testcases.SmokeWarehouseTest"/>
  <testcase name="checkSaveByUpdatingNameAndCodeInWarehouseGroupCreationPage" time="10.427" classname="com.focus.testcases.SmokeWarehouseTest"/>
  <testcase name="checkCreateViewToggleOptionsAvailableWarehouseMastersPage" time="4.190" classname="com.focus.testcases.SmokeWarehouseTest"/>
  <testcase name="checkCloseBtnOpenWarehouseMasterUpdateWarehouse" time="5.736" classname="com.focus.testcases.SmokeWarehouseTest"/>
  <testcase name="checkSignToCheckWarehouseMastersPage" time="22.655" classname="com.focus.testcases.SmokeWarehouseTest"/>
  <testcase name="chekDeleteWarehouseOptionForWarhouseMasterPage" time="47.200" classname="com.focus.testcases.SmokeWarehouseTest"/>
  <testcase name="checkWarehouseMastersDisplayTableColumnValuesAvailableInWarehouseMastersPage" time="3.091" classname="com.focus.testcases.SmokeWarehouseTest"/>
  <testcase name="checkLogoutInWarehouseMasterPage" time="4.507" classname="com.focus.testcases.SmokeWarehouseTest"/>
</testsuite> <!-- com.focus.testcases.SmokeWarehouseTest -->
