<?xml version="1.0" encoding="UTF-8"?>
<!-- Generated by org.testng.reporters.JUnitReportReporter -->
<testsuite hostname="FOCUS-QA-4" name="com.focus.testcases.ReportDesignerTest" tests="1" failures="0" timestamp="30 Apr 2021 08:16:48 GMT" time="15.645" errors="0">
  <testcase name="checkSavingReportDesignerOfAllTransactionsOfDocumentClass" time="15.645" classname="com.focus.testcases.ReportDesignerTest"/>
</testsuite> <!-- com.focus.testcases.ReportDesignerTest -->
