<?xml version="1.0" encoding="UTF-8"?>
<!-- Generated by org.testng.reporters.JUnitReportReporter -->
<testsuite hostname="FOCUS-QA-4" name="com.focus.testcases.SanityDocCustViewTest" tests="39" failures="0" timestamp="23 Jul 2021 12:36:07 GMT" time="633.967" errors="0">
  <testcase name="checkRuleTabOptions" time="13.772" classname="com.focus.testcases.SanityDocCustViewTest"/>
  <testcase name="checkInputingIncrementInTypeColumnInFifthRowAndCheckFooterValue" time="5.501" classname="com.focus.testcases.SanityDocCustViewTest"/>
  <testcase name="checkRaiseDocumentOptionInTriggers" time="18.001" classname="com.focus.testcases.SanityDocCustViewTest"/>
  <testcase name="checkNavigateToDocumentNumberingTabInPurchaseVoucherVatView" time="17.151" classname="com.focus.testcases.SanityDocCustViewTest"/>
  <testcase name="checkFieldTypesinBodyGridViewTab" time="8.158" classname="com.focus.testcases.SanityDocCustViewTest"/>
  <testcase name="checkSaveOptionInTriggerTab" time="5.101" classname="com.focus.testcases.SanityDocCustViewTest"/>
  <testcase name="checkInputingCharacterInputInSecondRowAndCheckFooterValue" time="5.173" classname="com.focus.testcases.SanityDocCustViewTest"/>
  <testcase name="checkDeleteTriggerOptionInTriggers" time="12.862" classname="com.focus.testcases.SanityDocCustViewTest"/>
  <testcase name="checkEditingInTriggersTabUnderPVVATView" time="39.387" classname="com.focus.testcases.SanityDocCustViewTest"/>
  <testcase name="checkCreatedVoucherEditScreenTabInDocumentCustoimization" time="47.330" classname="com.focus.testcases.SanityDocCustViewTest"/>
  <testcase name="checkLoadingValesinFieldsOnSelectingLoginInTypeDropDown" time="4.569" classname="com.focus.testcases.SanityDocCustViewTest"/>
  <testcase name="checkFieldDetailsTabInputDefaultValueAndPropertiesOptionReadOnlyAndClickOnApplyInEditLayout" time="19.878" classname="com.focus.testcases.SanityDocCustViewTest"/>
  <testcase name="checkCreatingViewInViewTab" time="27.075" classname="com.focus.testcases.SanityDocCustViewTest"/>
  <testcase name="checkLoginAfterDocumentCustOptions" time="14.800" classname="com.focus.testcases.SanityDocCustViewTest"/>
  <testcase name="checkHeaderBodyandFooterFieldsinDocumentNUmberingTab" time="17.415" classname="com.focus.testcases.SanityDocCustViewTest"/>
  <testcase name="checkUserCreatedVoucherDisplayWithDocumentTabInDocumentCustomization" time="16.858" classname="com.focus.testcases.SanityDocCustViewTest"/>
  <testcase name="checkSelectingLoginNameandInputingStartingValueandNoofCharactersandCheckFooterValue" time="5.101" classname="com.focus.testcases.SanityDocCustViewTest"/>
  <testcase name="checkLoginCompanyWithValidCredentials" time="15.700" classname="com.focus.testcases.SanityDocCustViewTest"/>
  <testcase name="checkLogoutUserDocumentCustOptions" time="5.048" classname="com.focus.testcases.SanityDocCustViewTest"/>
  <testcase name="checkSavingOnClickingUpdateOption" time="4.982" classname="com.focus.testcases.SanityDocCustViewTest"/>
  <testcase name="checkCreatedVoucherEditLayoutInDocumentCustomization" time="16.368" classname="com.focus.testcases.SanityDocCustViewTest"/>
  <testcase name="checkRolesInViewsTabUnderDocumentCustomization" time="5.883" classname="com.focus.testcases.SanityDocCustViewTest"/>
  <testcase name="checkCreatedVoucherMiscellaneousTabInDocumentCustoimization" time="24.994" classname="com.focus.testcases.SanityDocCustViewTest"/>
  <testcase name="checkInputingCharacterInputInFourthRowAndCheckFooterValue" time="5.155" classname="com.focus.testcases.SanityDocCustViewTest"/>
  <testcase name="checkLoadingValesinFieldsOnSelectingWareHouseInTypeDropDown" time="6.694" classname="com.focus.testcases.SanityDocCustViewTest"/>
  <testcase name="checkEditinginBodyFieldAndFooterFieldinInViewTab" time="20.566" classname="com.focus.testcases.SanityDocCustViewTest"/>
  <testcase name="checkSelectingNameandInputingStartingValueandNoofCharactersandCheckFooterValue" time="5.063" classname="com.focus.testcases.SanityDocCustViewTest"/>
  <testcase name="checkCreatingRuleinRuleTAbUnderDocumentCustomization" time="55.275" classname="com.focus.testcases.SanityDocCustViewTest"/>
  <testcase name="checkViewTabHeaderOptionsINVeiwTabUnderDocumentCustomization" time="8.835" classname="com.focus.testcases.SanityDocCustViewTest"/>
  <testcase name="checkSavedFieldsinPvVatViewVoucherDocumentNUmberingTab" time="25.237" classname="com.focus.testcases.SanityDocCustViewTest"/>
  <testcase name="checkInputingInputInTypeColumnInFifthRowAndCheckFooterValue" time="5.076" classname="com.focus.testcases.SanityDocCustViewTest"/>
  <testcase name="checkDeleteinCreatedViewInViewTab" time="30.698" classname="com.focus.testcases.SanityDocCustViewTest"/>
  <testcase name="checktheNarrationinHeaderTabEditLayoutinPVVATVIEW" time="16.658" classname="com.focus.testcases.SanityDocCustViewTest"/>
  <testcase name="checkCreatedVoucherInventoryTabInDocumentCustoimization" time="16.000" classname="com.focus.testcases.SanityDocCustViewTest"/>
  <testcase name="checkTypeDropdownValues" time="0.897" classname="com.focus.testcases.SanityDocCustViewTest"/>
  <testcase name="checkLoginUsersinViewsTabUnderDocumentCustomization" time="6.447" classname="com.focus.testcases.SanityDocCustViewTest"/>
  <testcase name="checkToggleExpansionINDocumentCustomizationVoucherScreen" time="7.458" classname="com.focus.testcases.SanityDocCustViewTest"/>
  <testcase name="checkRuleTabInDocumentCustomization" time="22.540" classname="com.focus.testcases.SanityDocCustViewTest"/>
  <testcase name="checkSaveTriggerWithRaiseDocumentOptionInTriggers" time="50.261" classname="com.focus.testcases.SanityDocCustViewTest"/>
</testsuite> <!-- com.focus.testcases.SanityDocCustViewTest -->
