<?xml version="1.0" encoding="UTF-8"?>
<!-- Generated by org.testng.reporters.JUnitReportReporter -->
<testsuite hostname="FOCUS-QA-133" failures="0" tests="1" name="com.focus.testcases.RegionPageTest" time="6.614" errors="0" timestamp="28 Jul 2021 08:39:37 GMT">
  <testcase classname="com.focus.testcases.RegionPageTest" name="checkregionCreation" time="6.614"/>
</testsuite> <!-- com.focus.testcases.RegionPageTest -->
