<?xml version="1.0" encoding="UTF-8"?>
<!-- Generated by org.testng.reporters.JUnitReportReporter -->
<testsuite hostname="FOCUS-QA-4" name="com.focus.testcases.AccountsTest" tests="4" failures="0" timestamp="23 Jul 2021 12:36:07 GMT" time="38.891" errors="0">
  <testcase name="checkDeleteAccountInAccountMaster" time="9.759" classname="com.focus.testcases.AccountsTest"/>
  <testcase name="checkUpdatedAccountDisplayInAccountGridBeforeCustomization" time="2.258" classname="com.focus.testcases.AccountsTest"/>
  <testcase name="checkEditingInSavedAccountINAccountMaster" time="5.517" classname="com.focus.testcases.AccountsTest"/>
  <testcase name="checkSavingAccountINAccountMaster" time="21.357" classname="com.focus.testcases.AccountsTest"/>
</testsuite> <!-- com.focus.testcases.AccountsTest -->
