<?xml version="1.0" encoding="UTF-8"?>
<!-- Generated by org.testng.reporters.JUnitReportReporter -->
<testsuite hostname="FOCUS-QA-4" name="com.focus.testcases.DocumentCustomizationTest" tests="32" failures="0" timestamp="23 Jul 2021 12:36:07 GMT" time="304.641" errors="0">
  <testcase name="checkDeleteFieldInEditScreenFooterInTrialPurchaseUpdate" time="2.968" classname="com.focus.testcases.DocumentCustomizationTest"/>
  <testcase name="checkEditingMiscellaneousTabInPurchaseVoucher" time="4.385" classname="com.focus.testcases.DocumentCustomizationTest"/>
  <testcase name="checkAddFieldInEditLayoutHeaderInTrialPurchaseUpdate" time="7.959" classname="com.focus.testcases.DocumentCustomizationTest"/>
  <testcase name="checkUpdatingMiscellaneousTabInPurchaseVoucher" time="8.159" classname="com.focus.testcases.DocumentCustomizationTest"/>
  <testcase name="checkAddFieldInEditScreenBodyInTrialPurchaseUpdate" time="12.810" classname="com.focus.testcases.DocumentCustomizationTest"/>
  <testcase name="checkSavingDocumentNumberingInTrialVoucherUpdate" time="7.484" classname="com.focus.testcases.DocumentCustomizationTest"/>
  <testcase name="checkUnSelectingApplyRateSchemesInInventoryOptionsTabInTrialPurchaseUpdate" time="1.156" classname="com.focus.testcases.DocumentCustomizationTest"/>
  <testcase name="checkDeleteFieldInEditLayoutHeaderInTrialPurchaseUpdate" time="3.227" classname="com.focus.testcases.DocumentCustomizationTest"/>
  <testcase name="checkDeleteFieldInEditLayoutBodyInTrialPurchaseUpdate" time="2.936" classname="com.focus.testcases.DocumentCustomizationTest"/>
  <testcase name="checkDeletingDocumentNumberingInTrialVoucherUpdate" time="1.514" classname="com.focus.testcases.DocumentCustomizationTest"/>
  <testcase name="checkEditFieldInEditScreenFooterInTrialPurchaseUpdate" time="3.522" classname="com.focus.testcases.DocumentCustomizationTest"/>
  <testcase name="checkDeletingRuleInTrialVoucherUpdate" time="12.223" classname="com.focus.testcases.DocumentCustomizationTest"/>
  <testcase name="checkEditFieldInEditLayoutHeaderInTrialPurchaseUpdate" time="2.436" classname="com.focus.testcases.DocumentCustomizationTest"/>
  <testcase name="checkEditingPurchaseVoucherDocumentAndUpdate" time="3.153" classname="com.focus.testcases.DocumentCustomizationTest"/>
  <testcase name="checkEditFieldInEditLayoutBodyInTrialPurchaseUpdate" time="4.226" classname="com.focus.testcases.DocumentCustomizationTest"/>
  <testcase name="checkAddFieldInEditLayoutBodyInTrialPurchaseUpdate" time="6.340" classname="com.focus.testcases.DocumentCustomizationTest"/>
  <testcase name="checkCreatingNewVoucherPurchaseVoucheVAT" time="87.068" classname="com.focus.testcases.DocumentCustomizationTest"/>
  <testcase name="checkSavingTriggerInTrialVoucherUpdate" time="14.430" classname="com.focus.testcases.DocumentCustomizationTest"/>
  <testcase name="checkDeletingViewInTrialVoucherUpdate" time="1.759" classname="com.focus.testcases.DocumentCustomizationTest"/>
  <testcase name="checkAddFieldInEditScreenFooterInTrialPurchaseUpdate" time="8.421" classname="com.focus.testcases.DocumentCustomizationTest"/>
  <testcase name="checkDeleteFieldInEditScreenBodyInTrialPurchaseUpdate" time="2.975" classname="com.focus.testcases.DocumentCustomizationTest"/>
  <testcase name="checkDeletingTrialVoucherUpdate" time="4.714" classname="com.focus.testcases.DocumentCustomizationTest"/>
  <testcase name="checkEditingViewInTrialVoucherUpdate" time="3.505" classname="com.focus.testcases.DocumentCustomizationTest"/>
  <testcase name="checkDeletingTriggerInTrialVoucherUpdate" time="6.911" classname="com.focus.testcases.DocumentCustomizationTest"/>
  <testcase name="checkSavingDocumentCustomizationPurchaseVoucherDocumentsTabAndVerify" time="39.041" classname="com.focus.testcases.DocumentCustomizationTest"/>
  <testcase name="checkSavingViewInTrialVoucherUpdate" time="13.664" classname="com.focus.testcases.DocumentCustomizationTest"/>
  <testcase name="checkEditFieldInEditScreenBodyInTrialPurchaseUpdate" time="3.372" classname="com.focus.testcases.DocumentCustomizationTest"/>
  <testcase name="checkSavingRuleInTrialVoucherUpdate" time="11.314" classname="com.focus.testcases.DocumentCustomizationTest"/>
  <testcase name="checkEditingRuleInTrialVoucherUpdate" time="9.148" classname="com.focus.testcases.DocumentCustomizationTest"/>
  <testcase name="checkSelectingApplyRateSchemesInInventoryOptionsTabInTrialPurchaseUpdate" time="6.376" classname="com.focus.testcases.DocumentCustomizationTest"/>
  <testcase name="checkEditingDocumentNumberingInTrialVoucherUpdate" time="1.571" classname="com.focus.testcases.DocumentCustomizationTest"/>
  <testcase name="checkEditingTriggerInTrialVoucherUpdate" time="5.874" classname="com.focus.testcases.DocumentCustomizationTest"/>
</testsuite> <!-- com.focus.testcases.DocumentCustomizationTest -->
