<?xml version="1.0" encoding="UTF-8"?>
<!-- Generated by org.testng.reporters.JUnitReportReporter -->
<testsuite hostname="FOCUS-QA-4" name="com.focus.testcases.ReceiptsVATVoucherTest" tests="5" failures="0" timestamp="23 Jul 2021 15:20:09 GMT" time="87.901" errors="0">
  <testcase name="checkSavingRecepitsVATVocher2" time="23.954" classname="com.focus.testcases.ReceiptsVATVoucherTest"/>
  <testcase name="checkEditingRecepitsVATVocher1" time="14.436" classname="com.focus.testcases.ReceiptsVATVoucherTest"/>
  <testcase name="checkVerifingDetailsOfSavedReceiptsVATVoucherInHomepage" time="3.085" classname="com.focus.testcases.ReceiptsVATVoucherTest"/>
  <testcase name="checkSavingRecepitsVATVocher1" time="42.027" classname="com.focus.testcases.ReceiptsVATVoucherTest"/>
  <testcase name="checkDeletingRecepitsVATVocher2" time="4.399" classname="com.focus.testcases.ReceiptsVATVoucherTest"/>
</testsuite> <!-- com.focus.testcases.ReceiptsVATVoucherTest -->
