<?xml version="1.0" encoding="UTF-8"?>
<!-- Generated by org.testng.reporters.JUnitReportReporter -->
<testsuite hostname="Focus-QA-4" name="com.focus.testcases.SmokeUnitsTest" tests="36" failures="1" timestamp="31 Oct 2020 08:51:25 GMT" time="370.843" errors="0">
  <testcase name="checkClickOnClearButtonToClearOnFirstTheFiledsInUnitsConversion" time="3.425" classname="com.focus.testcases.SmokeUnitsTest"/>
  <testcase name="checkHideUnitGroupOptionsAvailableInUnitMastersPage" time="4.193" classname="com.focus.testcases.SmokeUnitsTest"/>
  <testcase name="checkSearchUnitsAndClickOnEditToDisplayUnitsSavedInformation" time="14.347" classname="com.focus.testcases.SmokeUnitsTest"/>
  <testcase name="checkUnitsCreationAndClickOnCloseButtonToDisplayCreatedUnitsInDisplayGrid" time="12.558" classname="com.focus.testcases.SmokeUnitsTest"/>
  <testcase name="checkUpdateUnitNameInUnitDisplayGrid" time="4.166" classname="com.focus.testcases.SmokeUnitsTest"/>
  <testcase name="checkDisplayOfGroupAvailableTreeStructureLeftPaneInUnitsMastersPage" time="3.880" classname="com.focus.testcases.SmokeUnitsTest"/>
  <testcase name="checkClicOnCloseButtonToCloseUnitsMaster" time="5.280" classname="com.focus.testcases.SmokeUnitsTest"/>
  <testcase name="checkUpdatedConversionValueDisplayUserModifyAndSave" time="9.439" classname="com.focus.testcases.SmokeUnitsTest"/>
  <testcase name="checkTreeViewOptionsAvailableInUnitsMastersPageOnClickOnUnitsFromMastersMenu" time="6.599" classname="com.focus.testcases.SmokeUnitsTest"/>
  <testcase name="checkUnHideUnitsGroupOptionsAvailableInUnitMastersPage" time="3.739" classname="com.focus.testcases.SmokeUnitsTest"/>
  <testcase name="checkLogoutInCurrencyMasterPage" time="4.392" classname="com.focus.testcases.SmokeUnitsTest"/>
  <testcase name="checkCreateTreeToggleOptionsAvailableInUnitsMastersPage" time="4.466" classname="com.focus.testcases.SmokeUnitsTest"/>
  <testcase name="checkToolsOptionsAvailabilityOnClickMasterRibbonToExpandOptionsInUnitsMastersPage" time="5.231" classname="com.focus.testcases.SmokeUnitsTest"/>
  <testcase name="checkDeleteUnitsWhichAreDefinedInProductsOnSelectUnitAndClickOnDelete" time="7.741" classname="com.focus.testcases.SmokeUnitsTest"/>
  <testcase name="checkSearchOptionAvailableInUnitsMastersPage" time="4.279" classname="com.focus.testcases.SmokeUnitsTest"/>
  <testcase name="checkUnitsDisplayTableColumnNamesAvailableInUnitsMastersPage" time="4.954" classname="com.focus.testcases.SmokeUnitsTest"/>
  <testcase name="checkClickOnClearButtonToClearTheFiledsInUnitsConversion" time="3.455" classname="com.focus.testcases.SmokeUnitsTest"/>
  <testcase name="checkCreateViewToggleOptionsAvailableInUnitsMastersPage" time="3.566" classname="com.focus.testcases.SmokeUnitsTest"/>
  <testcase name="checkDeletedUnitDisplayInUnitsMainGrid" time="3.180" classname="com.focus.testcases.SmokeUnitsTest"/>
  <testcase name="checkSaveUnitsConversionOfOtherBaseUnit" time="12.187" classname="com.focus.testcases.SmokeUnitsTest"/>
  <testcase name="checkUnitConversionSaveInformationAndUpdateButtonWithAllInputs" time="19.503" classname="com.focus.testcases.SmokeUnitsTest"/>
  <testcase name="checkClickOnCancelToCloseUnitsConversion" time="4.908" classname="com.focus.testcases.SmokeUnitsTest"/>
  <testcase name="checkInputNameCodeNoOfDecimalsAndClickOnSaveButtonInUnitsCreationPage" time="4.779" classname="com.focus.testcases.SmokeUnitsTest"/>
  <testcase name="checkOtherToolsOptionsAvailabilityInUnitsMastersPageOnClickRibbonControlNextButton" time="4.477" classname="com.focus.testcases.SmokeUnitsTest"/>
  <testcase name="checkMainOptionsAvailabilityInUnitsMastersPageOnClickOnUnitsFromItemMastersMenu" time="3.707" classname="com.focus.testcases.SmokeUnitsTest"/>
  <testcase name="checkClickOnNewButtonInUnitsMasterPage" time="8.976" classname="com.focus.testcases.SmokeUnitsTest"/>
  <testcase name="checkUnitsDisplayTableColumnValuesAvailableInUnitMastersPage" time="41.855" classname="com.focus.testcases.SmokeUnitsTest"/>
  <testcase name="checkUnitsMasterPageIsDisplayByClickOnUnitsMenuFromItemMenu" time="8.511" classname="com.focus.testcases.SmokeUnitsTest"/>
  <testcase name="checkSignToCheckUnitsMastersPage" time="23.204" classname="com.focus.testcases.SmokeUnitsTest"/>
  <testcase name="checkTheConversionValuesDeletedIsDisplayingInUnitsConversion" time="8.259" classname="com.focus.testcases.SmokeUnitsTest"/>
  <testcase name="checkPreviousConversionIsDeletingOnClickOnDeleteOptionInUnitsConversion" time="4.167" classname="com.focus.testcases.SmokeUnitsTest"/>
  <testcase name="checkClickOnSaveWithAllInputsInUnitsConversion" time="5.341" classname="com.focus.testcases.SmokeUnitsTest"/>
  <testcase name="checkUpdateUnitsOnInputNameCodeAndClickOnSaveButton" time="4.861" classname="com.focus.testcases.SmokeUnitsTest"/>
  <testcase name="checkClickOnUnitsConversionMenuFromItemMenu" time="11.318" classname="com.focus.testcases.SmokeUnitsTest"/>
  <testcase name="checkHeaderFieldsOptionsAvailableInUnitsMastersPage" time="6.100" classname="com.focus.testcases.SmokeUnitsTest"/>
  <testcase name="checkDeleteUnitsOnSelectUnitAndClickOnDelete" time="89.800" classname="com.focus.testcases.SmokeUnitsTest">
    <failure type="java.lang.AssertionError" message="expected [true] but found [false]">
      <![CDATA[java.lang.AssertionError: expected [true] but found [false]
	at org.testng.Assert.fail(Assert.java:94)
	at org.testng.Assert.failNotEquals(Assert.java:513)
	at org.testng.Assert.assertEqualsImpl(Assert.java:135)
	at org.testng.Assert.assertEquals(Assert.java:116)
	at org.testng.Assert.assertEquals(Assert.java:305)
	at org.testng.Assert.assertEquals(Assert.java:315)
	at com.focus.testcases.SmokeUnitsTest.checkDeleteUnitsOnSelectUnitAndClickOnDelete(SmokeUnitsTest.java:192)
	at sun.reflect.NativeMethodAccessorImpl.invoke0(Native Method)
	at sun.reflect.NativeMethodAccessorImpl.invoke(Unknown Source)
	at sun.reflect.DelegatingMethodAccessorImpl.invoke(Unknown Source)
	at java.lang.reflect.Method.invoke(Unknown Source)
	at org.testng.internal.MethodInvocationHelper.invokeMethod(MethodInvocationHelper.java:86)
	at org.testng.internal.Invoker.invokeMethod(Invoker.java:643)
	at org.testng.internal.Invoker.invokeTestMethod(Invoker.java:820)
	at org.testng.internal.Invoker.invokeTestMethods(Invoker.java:1128)
	at org.testng.internal.TestMethodWorker.invokeTestMethods(TestMethodWorker.java:129)
	at org.testng.internal.TestMethodWorker.run(TestMethodWorker.java:112)
	at org.testng.TestRunner.privateRun(TestRunner.java:782)
	at org.testng.TestRunner.run(TestRunner.java:632)
	at org.testng.SuiteRunner.runTest(SuiteRunner.java:366)
	at org.testng.SuiteRunner.runSequentially(SuiteRunner.java:361)
	at org.testng.SuiteRunner.privateRun(SuiteRunner.java:319)
	at org.testng.SuiteRunner.run(SuiteRunner.java:268)
	at org.testng.SuiteRunnerWorker.runSuite(SuiteRunnerWorker.java:52)
	at org.testng.SuiteRunnerWorker.run(SuiteRunnerWorker.java:86)
	at org.testng.TestNG.runSuitesSequentially(TestNG.java:1244)
	at org.testng.TestNG.runSuitesLocally(TestNG.java:1169)
	at org.testng.TestNG.run(TestNG.java:1064)
	at org.testng.remote.AbstractRemoteTestNG.run(AbstractRemoteTestNG.java:114)
	at org.testng.remote.RemoteTestNG.initAndRun(RemoteTestNG.java:251)
	at org.testng.remote.RemoteTestNG.main(RemoteTestNG.java:77)
]]>
    </failure>
  </testcase> <!-- checkDeleteUnitsOnSelectUnitAndClickOnDelete -->
</testsuite> <!-- com.focus.testcases.SmokeUnitsTest -->
