<?xml version="1.0" encoding="UTF-8"?>
<!-- Generated by org.testng.reporters.JUnitReportReporter -->
<testsuite hostname="FOCUS-QA-133" failures="0" tests="14" name="com.focus.testcases.GSTR2APageTest" time="69.905" errors="0" timestamp="19 Aug 2021 06:31:33 GMT">
  <testcase classname="com.focus.testcases.GSTR2APageTest" name="selectVochertypeAsPurchaseVocherInFilterAndValidatePurchaseTableData" time="0.633"/>
  <testcase classname="com.focus.testcases.GSTR2APageTest" name="validateTheFilterFunctionalitiesAndCheckthepurchasesHeadersData" time="0.697"/>
  <testcase classname="com.focus.testcases.GSTR2APageTest" name="getUrdPurchasesRecords" time="6.799"/>
  <testcase classname="com.focus.testcases.GSTR2APageTest" name="selectVochertypeAsPurchaseVocherInFilter" time="7.959"/>
  <testcase classname="com.focus.testcases.GSTR2APageTest" name="checkJuneMonthData" time="3.831"/>
  <testcase classname="com.focus.testcases.GSTR2APageTest" name="selectVochertypeAsPurchaseVocherInFilterAndValidatePurchasesHeadersData" time="3.168"/>
  <testcase classname="com.focus.testcases.GSTR2APageTest" name="checkAvailabilityFieldsOfFilter" time="2.453"/>
  <testcase classname="com.focus.testcases.GSTR2APageTest" name="checkPurchasesMetrics" time="3.544"/>
  <testcase classname="com.focus.testcases.GSTR2APageTest" name="checkGSTR2APageAvailablityOfFields" time="12.536"/>
  <testcase classname="com.focus.testcases.GSTR2APageTest" name="checkPurchasesHeaders" time="1.642"/>
  <testcase classname="com.focus.testcases.GSTR2APageTest" name="validateTheFilterFunctionalitiesAndCheckthepurchasesTableData" time="0.622"/>
  <testcase classname="com.focus.testcases.GSTR2APageTest" name="checkPurchasesDataTale" time="0.625"/>
  <testcase classname="com.focus.testcases.GSTR2APageTest" name="validateTheFilterFunctionalitiesAndLoadtheData" time="18.661"/>
  <testcase classname="com.focus.testcases.GSTR2APageTest" name="getImports" time="6.735"/>
</testsuite> <!-- com.focus.testcases.GSTR2APageTest -->
