<?xml version="1.0" encoding="UTF-8"?>
<!-- Generated by org.testng.reporters.JUnitReportReporter -->
<testsuite hostname="FOCUS-QA-4" name="com.focus.testcases.ExchangeRateAndExchangeRateHistoryTest" tests="7" failures="0" timestamp="23 Jul 2021 12:36:07 GMT" time="71.842" errors="0">
  <testcase name="checkSavingCurrencyExchnageRate" time="6.187" classname="com.focus.testcases.ExchangeRateAndExchangeRateHistoryTest"/>
  <testcase name="checkExchangeRateHistoryLoadButtonWithBaseCurrency" time="6.002" classname="com.focus.testcases.ExchangeRateAndExchangeRateHistoryTest"/>
  <testcase name="checkOpenExchangeRateHistory" time="13.476" classname="com.focus.testcases.ExchangeRateAndExchangeRateHistoryTest"/>
  <testcase name="checkDeleteOptionInExchangeRate" time="2.051" classname="com.focus.testcases.ExchangeRateAndExchangeRateHistoryTest"/>
  <testcase name="checkUpdateExchangeRate" time="16.142" classname="com.focus.testcases.ExchangeRateAndExchangeRateHistoryTest"/>
  <testcase name="checkExchangeRateHistoryAfterUpdating" time="14.521" classname="com.focus.testcases.ExchangeRateAndExchangeRateHistoryTest"/>
  <testcase name="checkOpenExchangeRate" time="13.463" classname="com.focus.testcases.ExchangeRateAndExchangeRateHistoryTest"/>
</testsuite> <!-- com.focus.testcases.ExchangeRateAndExchangeRateHistoryTest -->
