<?xml version="1.0" encoding="UTF-8"?>
<!-- Generated by org.testng.reporters.JUnitReportReporter -->
<testsuite hostname="FOCUS-QA-4" name="com.focus.testcases.DepartmentTest" tests="5" failures="0" timestamp="23 Jul 2021 12:36:07 GMT" time="17.007" errors="0">
  <testcase name="checkEditingInSavedDepartmentINDepartmentMaster" time="2.939" classname="com.focus.testcases.DepartmentTest"/>
  <testcase name="checkUpdatedDepartmentMasterDisplayInDepartment" time="0.240" classname="com.focus.testcases.DepartmentTest"/>
  <testcase name="checkSavingDepartmentInDepartmentMaster" time="3.959" classname="com.focus.testcases.DepartmentTest"/>
  <testcase name="checkDepartmentMasterInMAsterMenu" time="6.408" classname="com.focus.testcases.DepartmentTest"/>
  <testcase name="checkDeleteInDepartmentMaster" time="3.461" classname="com.focus.testcases.DepartmentTest"/>
</testsuite> <!-- com.focus.testcases.DepartmentTest -->
