<?xml version="1.0" encoding="UTF-8"?>
<!-- Generated by org.testng.reporters.JUnitReportReporter -->
<testsuite hostname="Focus-QA-4" name="com.focus.testcases.HPWrapperLayoutTest" tests="19" failures="0" timestamp="31 Oct 2020 08:15:25 GMT" time="126.194" errors="0">
  <testcase name="verifySaveSameInputOldPasswordNewPassword" time="4.877" classname="com.focus.testcases.HPWrapperLayoutTest"/>
  <testcase name="verifySaveWithoutInputConfirmPasswordMandatoryFields" time="2.723" classname="com.focus.testcases.HPWrapperLayoutTest"/>
  <testcase name="verifyAlertByUpdatingCompanyClickOnOkButton" time="7.760" classname="com.focus.testcases.HPWrapperLayoutTest"/>
  <testcase name="verifyChangePassword" time="5.641" classname="com.focus.testcases.HPWrapperLayoutTest"/>
  <testcase name="verifyUserInfo" time="2.627" classname="com.focus.testcases.HPWrapperLayoutTest"/>
  <testcase name="verifyAvailabilityOptionsInWrapperLayout" time="8.927" classname="com.focus.testcases.HPWrapperLayoutTest"/>
  <testcase name="verifySaveWithValidInputOldNewConfirmPassowrd" time="2.879" classname="com.focus.testcases.HPWrapperLayoutTest"/>
  <testcase name="verifyRecentMenu" time="2.088" classname="com.focus.testcases.HPWrapperLayoutTest"/>
  <testcase name="verifySaveWithMissmatchInputNewPasswordConfirmPassword" time="2.871" classname="com.focus.testcases.HPWrapperLayoutTest"/>
  <testcase name="verifySaveWithoutInputMandatoryFields" time="2.194" classname="com.focus.testcases.HPWrapperLayoutTest"/>
  <testcase name="verifyCloseEditCompanyPageClickOnCancelButton" time="1.026" classname="com.focus.testcases.HPWrapperLayoutTest"/>
  <testcase name="verifySaveWithoutInputNewPasswordMandatoryFields" time="2.695" classname="com.focus.testcases.HPWrapperLayoutTest"/>
  <testcase name="verifySearchOptionByInputingEditCompany" time="2.553" classname="com.focus.testcases.HPWrapperLayoutTest"/>
  <testcase name="verifyLoginAfterChangePasswordChangePasswordAndLogout" time="31.717" classname="com.focus.testcases.HPWrapperLayoutTest"/>
  <testcase name="verifySelectEditCompanyFromSearch" time="12.325" classname="com.focus.testcases.HPWrapperLayoutTest"/>
  <testcase name="verifyClickOnAbout" time="3.688" classname="com.focus.testcases.HPWrapperLayoutTest"/>
  <testcase name="verifyAvailabilityOptionsInAboutIdQuickAccessMenu" time="2.519" classname="com.focus.testcases.HPWrapperLayoutTest"/>
  <testcase name="verifySaveWithInvalidOldPassword" time="2.784" classname="com.focus.testcases.HPWrapperLayoutTest"/>
  <testcase name="verifyCloseBtnInChangePasswordAndCheckLogout" time="24.300" classname="com.focus.testcases.HPWrapperLayoutTest"/>
</testsuite> <!-- com.focus.testcases.HPWrapperLayoutTest -->
