<?xml version="1.0" encoding="UTF-8"?>
<!-- Generated by org.testng.reporters.JUnitReportReporter -->
<testsuite hostname="FOCUS-QA-4" name="com.focus.testcases.OpeningBalancesTest" tests="8" failures="0" timestamp="23 Jul 2021 15:20:09 GMT" time="117.718" errors="0">
  <testcase name="checkOpeningBalanceCustomizationRemovingLinkStatusColumn" time="24.614" classname="com.focus.testcases.OpeningBalancesTest"/>
  <testcase name="checkVerifyAndDeleteOpeningBalanceVoucher1" time="2.495" classname="com.focus.testcases.OpeningBalancesTest"/>
  <testcase name="checkOpeningBalanceCustomizationHideBalanceLinkValueColumn" time="17.444" classname="com.focus.testcases.OpeningBalancesTest"/>
  <testcase name="checkVerifingDetailsOfSavedOpeningBalancesVouchersInHomepage" time="2.406" classname="com.focus.testcases.OpeningBalancesTest"/>
  <testcase name="checkOpeningBalanceCustomizationAddingDepartmentColumn" time="12.078" classname="com.focus.testcases.OpeningBalancesTest"/>
  <testcase name="checkSavingOpeningBalanceVoucher1WithCurrencyAsAED" time="16.274" classname="com.focus.testcases.OpeningBalancesTest"/>
  <testcase name="checkVerifyAndEditOpeningBalanceVoucher1" time="18.569" classname="com.focus.testcases.OpeningBalancesTest"/>
  <testcase name="checkSavingOpeningBalanceVoucher1WithCurrencyAsINR" time="23.838" classname="com.focus.testcases.OpeningBalancesTest"/>
</testsuite> <!-- com.focus.testcases.OpeningBalancesTest -->
