<?xml version="1.0" encoding="UTF-8"?>
<!-- Generated by org.testng.reporters.JUnitReportReporter -->
<testsuite hostname="FOCUS-QA-133" failures="0" tests="41" name="com.focus.testcases.TransactionsTest" time="1268.045" errors="0" timestamp="2 Sep 2021 06:11:27 GMT">
  <testcase classname="com.focus.testcases.TransactionsTest" name="checkSavingMaterialReceiptNotesVoucher3WithMChargesField" time="20.420"/>
  <testcase classname="com.focus.testcases.TransactionsTest" name="checkConveringVouchersINPDCMaturedScreen" time="27.962"/>
  <testcase classname="com.focus.testcases.TransactionsTest" name="checkCreatingSChargesFieldInPurchaseVoucherBody" time="36.728"/>
  <testcase classname="com.focus.testcases.TransactionsTest" name="checkAddExtraFieldPDCInHeaderFieldOFReceipts" time="29.839"/>
  <testcase classname="com.focus.testcases.TransactionsTest" name="checkCreatingMChargesFieldInMaterialReceiptNotesVoucherBody" time="17.543"/>
  <testcase classname="com.focus.testcases.TransactionsTest" name="checkSavingPurchaseVoucherVoucher2WithSChargesFieldByConvertingPendingLink" time="102.328"/>
  <testcase classname="com.focus.testcases.TransactionsTest" name="chekEditingVoucherINPDPVAT" time="13.278"/>
  <testcase classname="com.focus.testcases.TransactionsTest" name="checkAddExtraFieldPDCInHeaderFieldOFPayments" time="29.324"/>
  <testcase classname="com.focus.testcases.TransactionsTest" name="checkSavingRecepitsVATVoucher1" time="31.788"/>
  <testcase classname="com.focus.testcases.TransactionsTest" name="checkSavingPurchaseVoucherVoucher1WithoutUpdateStock" time="46.901"/>
  <testcase classname="com.focus.testcases.TransactionsTest" name="checkEditingSalesInvoiceVATVoucher1AndUpdating" time="33.486"/>
  <testcase classname="com.focus.testcases.TransactionsTest" name="checkEnablingUpdateMRNStockValueThroughPurchase" time="11.836"/>
  <testcase classname="com.focus.testcases.TransactionsTest" name="checkDeletingVoucherInPDRVAT" time="23.414"/>
  <testcase classname="com.focus.testcases.TransactionsTest" name="checkValidatingMaterialReceiptNotesVoucher2AfterSavingPurchasesVoucher2WithSCharges" time="18.404"/>
  <testcase classname="com.focus.testcases.TransactionsTest" name="checkValidatingMaterialReceiptNotesVoucher3AfterSavingPurchasesVoucher3WithSChargesAndMCharges" time="18.777"/>
  <testcase classname="com.focus.testcases.TransactionsTest" name="checkSavingRecepitsVATVoucher2" time="10.558"/>
  <testcase classname="com.focus.testcases.TransactionsTest" name="checkDeletingPaymentVATVoucher2" time="4.224"/>
  <testcase classname="com.focus.testcases.TransactionsTest" name="checkLoadingMChargesFieldInPurchaseVoucherBodyFromMRN" time="34.791"/>
  <testcase classname="com.focus.testcases.TransactionsTest" name="checkEditingPurchaseVoucherVATVoucher1" time="35.951"/>
  <testcase classname="com.focus.testcases.TransactionsTest" name="checkSavingMaterialReceiptNotesVoucher1WithStockItem" time="55.486"/>
  <testcase classname="com.focus.testcases.TransactionsTest" name="checkConvertedVoucherInRecepits" time="19.410"/>
  <testcase classname="com.focus.testcases.TransactionsTest" name="checkSavingPaymentVATVoucher2" time="15.226"/>
  <testcase classname="com.focus.testcases.TransactionsTest" name="checkSavingPurchaseVoucherVATVoucher2WithAllItems" time="67.658"/>
  <testcase classname="com.focus.testcases.TransactionsTest" name="checkPrintPdfOfSalesInvoiceVATVoucher1" time="41.491"/>
  <testcase classname="com.focus.testcases.TransactionsTest" name="checkSavingDesignWorkflowFromMRNToPurchasesVoucher" time="24.539"/>
  <testcase classname="com.focus.testcases.TransactionsTest" name="checkDeletingSalesInvoiceVoucherVATVoucher2" time="6.227"/>
  <testcase classname="com.focus.testcases.TransactionsTest" name="checkEditingRecepitsVATVoucher1" time="6.608"/>
  <testcase classname="com.focus.testcases.TransactionsTest" name="checkSavingPurchaseVoucherVATVoucher1WithAllItems" time="82.990"/>
  <testcase classname="com.focus.testcases.TransactionsTest" name="checkSavingPaymentVATVoucher1" time="38.528"/>
  <testcase classname="com.focus.testcases.TransactionsTest" name="checkValidatingMaterialReceiptNotesVoucher1AfterSavingPurchasesVoucher" time="16.396"/>
  <testcase classname="com.focus.testcases.TransactionsTest" name="checkSavingVoucherINPDR" time="36.719"/>
  <testcase classname="com.focus.testcases.TransactionsTest" name="checkSavingSalesInvoiceVATVoucher1WithAllItems" time="101.339"/>
  <testcase classname="com.focus.testcases.TransactionsTest" name="checkDeletingRecepitsVATVocher2" time="3.737"/>
  <testcase classname="com.focus.testcases.TransactionsTest" name="checkSavingMaterialReceiptNotesVoucher2WithStockItem" time="19.492"/>
  <testcase classname="com.focus.testcases.TransactionsTest" name="checkSavingSalesInvoiceVATVoucher2WithAllItems" time="66.922"/>
  <testcase classname="com.focus.testcases.TransactionsTest" name="chekEditingVoucherINPDRVAT" time="15.483"/>
  <testcase classname="com.focus.testcases.TransactionsTest" name="checkSavingPurchaseVoucher3WithSChargesAndMChargesFields" time="29.021"/>
  <testcase classname="com.focus.testcases.TransactionsTest" name="checkDeletingPurchaseVoucherVATVoucher2" time="13.369"/>
  <testcase classname="com.focus.testcases.TransactionsTest" name="checkSavingVoucherINPDPVAT" time="38.788"/>
  <testcase classname="com.focus.testcases.TransactionsTest" name="checkConvertedVoucherInPayments" time="17.470"/>
  <testcase classname="com.focus.testcases.TransactionsTest" name="checkEditingPaymentVATVoucher1" time="3.594"/>
</testsuite> <!-- com.focus.testcases.TransactionsTest -->
