<?xml version="1.0" encoding="UTF-8"?>
<!-- Generated by org.testng.reporters.JUnitReportReporter -->
<testsuite hostname="FOCUS-QA-4" name="com.focus.testcases.MasterAuthorizationTest" tests="16" failures="0" timestamp="23 Jul 2021 12:36:07 GMT" time="302.324" errors="0">
  <testcase name="checkEditingMasterAuthorization" time="28.220" classname="com.focus.testcases.MasterAuthorizationTest"/>
  <testcase name="checkCreatingWarehouseFromVoucherLevelAndValidatingWarehouseList" time="28.284" classname="com.focus.testcases.MasterAuthorizationTest"/>
  <testcase name="checkValidatingAndAuthorizingTrialWarehouse" time="19.344" classname="com.focus.testcases.MasterAuthorizationTest"/>
  <testcase name="checkLogoutAndLoginWithUserAllOptionsForWarehouseAuthorization" time="14.340" classname="com.focus.testcases.MasterAuthorizationTest"/>
  <testcase name="checkVerifyingWarehouseInPurchaseVoucherAfterAuthorization" time="20.151" classname="com.focus.testcases.MasterAuthorizationTest"/>
  <testcase name="checkDeletingMasterAuthorization" time="12.798" classname="com.focus.testcases.MasterAuthorizationTest"/>
  <testcase name="checkCreatingDemoWarehouseAndTrialWarehouse" time="17.192" classname="com.focus.testcases.MasterAuthorizationTest"/>
  <testcase name="checkSavingMasterAuthorization" time="31.819" classname="com.focus.testcases.MasterAuthorizationTest"/>
  <testcase name="checkLogoutAndLoginWithSUAfterWarehouseAuthorization" time="14.302" classname="com.focus.testcases.MasterAuthorizationTest"/>
  <testcase name="checkDeleteInWarehouseInWarehouseMaster" time="18.515" classname="com.focus.testcases.MasterAuthorizationTest"/>
  <testcase name="checkVerifyingWarehouseCreatedAfterAuthorization" time="20.289" classname="com.focus.testcases.MasterAuthorizationTest"/>
  <testcase name="checkShowAllUnAuthorizeOptionInAccountsMasterPage" time="9.346" classname="com.focus.testcases.MasterAuthorizationTest"/>
  <testcase name="checkValidatingAndAuthorizingWarehouseForAuthorization" time="19.290" classname="com.focus.testcases.MasterAuthorizationTest"/>
  <testcase name="checkLogoutAndLoginWithSU" time="14.261" classname="com.focus.testcases.MasterAuthorizationTest"/>
  <testcase name="checkVerifyingWarehouseCreated" time="19.982" classname="com.focus.testcases.MasterAuthorizationTest"/>
  <testcase name="checkLogoutAndLoginWithUserAllOptions" time="14.191" classname="com.focus.testcases.MasterAuthorizationTest"/>
</testsuite> <!-- com.focus.testcases.MasterAuthorizationTest -->
