<?xml version="1.0" encoding="UTF-8"?>
<!-- Generated by org.testng.reporters.JUnitReportReporter -->
<testsuite hostname="FOCUS-QA-133" name="com.focus.testcases.RestoreCompanyTest" tests="2" failures="0" timestamp="8 Oct 2021 14:47:06 GMT" time="70.707" errors="0">
  <testcase name="checkRestoreCompany" time="37.942" classname="com.focus.testcases.RestoreCompanyTest"/>
  <testcase name="checkLoginAfterRestoringBatchNegativeOptionsBackup" time="32.765" classname="com.focus.testcases.RestoreCompanyTest"/>
</testsuite> <!-- com.focus.testcases.RestoreCompanyTest -->
